<?xml version="1.0" encoding="UTF-8"?>
<testsuite xmlns:xsi="http://www.w3.org/2001/XMLSchema-instance" xsi:noNamespaceSchemaLocation="https://maven.apache.org/surefire/maven-surefire-plugin/xsd/surefire-test-report-3.0.xsd" version="3.0" name="ru.sberbank.uspincidentreport.MqtivolireportApplicationTests" time="133.061" tests="1" errors="0" skipped="0" failures="0">
  <properties>
    <property name="java.specification.version" value="17"/>
    <property name="sun.jnu.encoding" value="UTF-8"/>
    <property name="java.class.path" value="/home/eshustov/IdeaProjects/OIP_KAFKA_GET_CLUSTER_NAME/target/test-classes:/home/eshustov/IdeaProjects/OIP_KAFKA_GET_CLUSTER_NAME/target/classes:/root/.m2/repository/org/springframework/boot/spring-boot-starter-data-jpa/3.2.1/spring-boot-starter-data-jpa-3.2.1.jar:/root/.m2/repository/org/springframework/boot/spring-boot-starter-aop/3.2.1/spring-boot-starter-aop-3.2.1.jar:/root/.m2/repository/org/springframework/spring-aop/6.1.2/spring-aop-6.1.2.jar:/root/.m2/repository/org/aspectj/aspectjweaver/1.9.21/aspectjweaver-1.9.21.jar:/root/.m2/repository/org/springframework/boot/spring-boot-starter-jdbc/3.2.1/spring-boot-starter-jdbc-3.2.1.jar:/root/.m2/repository/com/zaxxer/HikariCP/5.0.1/HikariCP-5.0.1.jar:/root/.m2/repository/org/springframework/spring-jdbc/6.1.2/spring-jdbc-6.1.2.jar:/root/.m2/repository/org/hibernate/orm/hibernate-core/6.4.1.Final/hibernate-core-6.4.1.Final.jar:/root/.m2/repository/jakarta/persistence/jakarta.persistence-api/3.1.0/jakarta.persistence-api-3.1.0.jar:/root/.m2/repository/jakarta/transaction/jakarta.transaction-api/2.0.1/jakarta.transaction-api-2.0.1.jar:/root/.m2/repository/org/jboss/logging/jboss-logging/3.5.3.Final/jboss-logging-3.5.3.Final.jar:/root/.m2/repository/org/hibernate/common/hibernate-commons-annotations/6.0.6.Final/hibernate-commons-annotations-6.0.6.Final.jar:/root/.m2/repository/io/smallrye/jandex/3.1.2/jandex-3.1.2.jar:/root/.m2/repository/com/fasterxml/classmate/1.6.0/classmate-1.6.0.jar:/root/.m2/repository/net/bytebuddy/byte-buddy/1.14.10/byte-buddy-1.14.10.jar:/root/.m2/repository/org/glassfish/jaxb/jaxb-runtime/4.0.4/jaxb-runtime-4.0.4.jar:/root/.m2/repository/org/glassfish/jaxb/jaxb-core/4.0.4/jaxb-core-4.0.4.jar:/root/.m2/repository/org/eclipse/angus/angus-activation/2.0.1/angus-activation-2.0.1.jar:/root/.m2/repository/org/glassfish/jaxb/txw2/4.0.4/txw2-4.0.4.jar:/root/.m2/repository/com/sun/istack/istack-commons-runtime/4.1.2/istack-commons-runtime-4.1.2.jar:/root/.m2/repository/jakarta/inject/jakarta.inject-api/2.0.1/jakarta.inject-api-2.0.1.jar:/root/.m2/repository/org/antlr/antlr4-runtime/4.13.0/antlr4-runtime-4.13.0.jar:/root/.m2/repository/org/springframework/data/spring-data-jpa/3.2.1/spring-data-jpa-3.2.1.jar:/root/.m2/repository/org/springframework/data/spring-data-commons/3.2.1/spring-data-commons-3.2.1.jar:/root/.m2/repository/org/springframework/spring-orm/6.1.2/spring-orm-6.1.2.jar:/root/.m2/repository/org/springframework/spring-context/6.1.2/spring-context-6.1.2.jar:/root/.m2/repository/org/springframework/spring-expression/6.1.2/spring-expression-6.1.2.jar:/root/.m2/repository/io/micrometer/micrometer-observation/1.12.1/micrometer-observation-1.12.1.jar:/root/.m2/repository/io/micrometer/micrometer-commons/1.12.1/micrometer-commons-1.12.1.jar:/root/.m2/repository/org/springframework/spring-tx/6.1.2/spring-tx-6.1.2.jar:/root/.m2/repository/org/springframework/spring-beans/6.1.2/spring-beans-6.1.2.jar:/root/.m2/repository/jakarta/annotation/jakarta.annotation-api/2.1.1/jakarta.annotation-api-2.1.1.jar:/root/.m2/repository/org/slf4j/slf4j-api/2.0.9/slf4j-api-2.0.9.jar:/root/.m2/repository/org/springframework/spring-aspects/6.1.2/spring-aspects-6.1.2.jar:/root/.m2/repository/com/vaadin/vaadin-spring-boot-starter/24.3.2/vaadin-spring-boot-starter-24.3.2.jar:/root/.m2/repository/com/vaadin/vaadin-spring/24.3.2/vaadin-spring-24.3.2.jar:/root/.m2/repository/com/vaadin/flow-server/24.3.2/flow-server-24.3.2.jar:/root/.m2/repository/com/vaadin/servletdetector/throw-if-servlet3/1.0.2/throw-if-servlet3-1.0.2.jar:/root/.m2/repository/com/vaadin/external/gwt/gwt-elemental/2.8.2.vaadin2/gwt-elemental-2.8.2.vaadin2.jar:/root/.m2/repository/org/apache/commons/commons-fileupload2-jakarta/2.0.0-M1/commons-fileupload2-jakarta-2.0.0-M1.jar:/root/.m2/repository/org/apache/commons/commons-fileupload2-core/2.0.0-M1/commons-fileupload2-core-2.0.0-M1.jar:/root/.m2/repository/commons-io/commons-io/2.15.0/commons-io-2.15.0.jar:/root/.m2/repository/com/fasterxml/jackson/core/jackson-core/2.15.3/jackson-core-2.15.3.jar:/root/.m2/repository/com/fasterxml/jackson/core/jackson-databind/2.15.3/jackson-databind-2.15.3.jar:/root/.m2/repository/com/fasterxml/jackson/core/jackson-annotations/2.15.3/jackson-annotations-2.15.3.jar:/root/.m2/repository/com/fasterxml/jackson/datatype/jackson-datatype-jsr310/2.15.3/jackson-datatype-jsr310-2.15.3.jar:/root/.m2/repository/org/jsoup/jsoup/1.17.1/jsoup-1.17.1.jar:/root/.m2/repository/com/helger/ph-css/7.0.1/ph-css-7.0.1.jar:/root/.m2/repository/com/helger/commons/ph-commons/11.1.0/ph-commons-11.1.0.jar:/root/.m2/repository/org/ow2/asm/asm/9.6/asm-9.6.jar:/root/.m2/repository/com/vaadin/external/gentyref/1.2.0.vaadin1/gentyref-1.2.0.vaadin1.jar:/root/.m2/repository/org/apache/commons/commons-compress/1.25.0/commons-compress-1.25.0.jar:/root/.m2/repository/com/vaadin/flow-push/24.3.2/flow-push-24.3.2.jar:/root/.m2/repository/com/vaadin/external/atmosphere/atmosphere-runtime/3.0.3.slf4jvaadin2/atmosphere-runtime-3.0.3.slf4jvaadin2.jar:/root/.m2/repository/com/vaadin/flow-client/24.3.2/flow-client-24.3.2.jar:/root/.m2/repository/org/springframework/spring-webmvc/6.1.2/spring-webmvc-6.1.2.jar:/root/.m2/repository/org/springframework/spring-websocket/6.1.2/spring-websocket-6.1.2.jar:/root/.m2/repository/org/hibernate/validator/hibernate-validator/8.0.1.Final/hibernate-validator-8.0.1.Final.jar:/root/.m2/repository/jakarta/validation/jakarta.validation-api/3.0.2/jakarta.validation-api-3.0.2.jar:/root/.m2/repository/org/reflections/reflections/0.10.2/reflections-0.10.2.jar:/root/.m2/repository/org/javassist/javassist/3.28.0-GA/javassist-3.28.0-GA.jar:/root/.m2/repository/com/google/code/findbugs/jsr305/3.0.2/jsr305-3.0.2.jar:/root/.m2/repository/com/vaadin/vaadin-core/24.3.2/vaadin-core-24.3.2.jar:/root/.m2/repository/com/vaadin/vaadin-core-internal/24.3.2/vaadin-core-internal-24.3.2.jar:/root/.m2/repository/com/vaadin/flow-lit-template/24.3.2/flow-lit-template-24.3.2.jar:/root/.m2/repository/com/vaadin/flow-html-components/24.3.2/flow-html-components-24.3.2.jar:/root/.m2/repository/com/vaadin/flow-data/24.3.2/flow-data-24.3.2.jar:/root/.m2/repository/com/vaadin/flow-dnd/24.3.2/flow-dnd-24.3.2.jar:/root/.m2/repository/com/vaadin/vaadin-lumo-theme/24.3.2/vaadin-lumo-theme-24.3.2.jar:/root/.m2/repository/com/vaadin/vaadin-material-theme/24.3.2/vaadin-material-theme-24.3.2.jar:/root/.m2/repository/com/vaadin/vaadin-accordion-flow/24.3.2/vaadin-accordion-flow-24.3.2.jar:/root/.m2/repository/com/vaadin/vaadin-avatar-flow/24.3.2/vaadin-avatar-flow-24.3.2.jar:/root/.m2/repository/com/vaadin/vaadin-flow-components-base/24.3.2/vaadin-flow-components-base-24.3.2.jar:/root/.m2/repository/com/vaadin/vaadin-button-flow/24.3.2/vaadin-button-flow-24.3.2.jar:/root/.m2/repository/com/vaadin/vaadin-checkbox-flow/24.3.2/vaadin-checkbox-flow-24.3.2.jar:/root/.m2/repository/com/vaadin/vaadin-combo-box-flow/24.3.2/vaadin-combo-box-flow-24.3.2.jar:/root/.m2/repository/com/vaadin/vaadin-confirm-dialog-flow/24.3.2/vaadin-confirm-dialog-flow-24.3.2.jar:/root/.m2/repository/com/vaadin/vaadin-custom-field-flow/24.3.2/vaadin-custom-field-flow-24.3.2.jar:/root/.m2/repository/com/vaadin/vaadin-date-picker-flow/24.3.2/vaadin-date-picker-flow-24.3.2.jar:/root/.m2/repository/com/vaadin/vaadin-date-time-picker-flow/24.3.2/vaadin-date-time-picker-flow-24.3.2.jar:/root/.m2/repository/com/vaadin/vaadin-details-flow/24.3.2/vaadin-details-flow-24.3.2.jar:/root/.m2/repository/com/vaadin/vaadin-time-picker-flow/24.3.2/vaadin-time-picker-flow-24.3.2.jar:/root/.m2/repository/com/vaadin/vaadin-select-flow/24.3.2/vaadin-select-flow-24.3.2.jar:/root/.m2/repository/com/vaadin/vaadin-side-nav-flow/24.3.2/vaadin-side-nav-flow-24.3.2.jar:/root/.m2/repository/com/vaadin/vaadin-dialog-flow/24.3.2/vaadin-dialog-flow-24.3.2.jar:/root/.m2/repository/com/vaadin/vaadin-form-layout-flow/24.3.2/vaadin-form-layout-flow-24.3.2.jar:/root/.m2/repository/com/vaadin/vaadin-field-highlighter-flow/24.3.2/vaadin-field-highlighter-flow-24.3.2.jar:/root/.m2/repository/com/vaadin/vaadin-grid-flow/24.3.2/vaadin-grid-flow-24.3.2.jar:/root/.m2/repository/com/vaadin/vaadin-icons-flow/24.3.2/vaadin-icons-flow-24.3.2.jar:/root/.m2/repository/com/vaadin/vaadin-virtual-list-flow/24.3.2/vaadin-virtual-list-flow-24.3.2.jar:/root/.m2/repository/com/vaadin/vaadin-list-box-flow/24.3.2/vaadin-list-box-flow-24.3.2.jar:/root/.m2/repository/com/vaadin/vaadin-login-flow/24.3.2/vaadin-login-flow-24.3.2.jar:/root/.m2/repository/com/vaadin/vaadin-messages-flow/24.3.2/vaadin-messages-flow-24.3.2.jar:/root/.m2/repository/com/vaadin/vaadin-ordered-layout-flow/24.3.2/vaadin-ordered-layout-flow-24.3.2.jar:/root/.m2/repository/com/vaadin/vaadin-progress-bar-flow/24.3.2/vaadin-progress-bar-flow-24.3.2.jar:/root/.m2/repository/com/vaadin/vaadin-radio-button-flow/24.3.2/vaadin-radio-button-flow-24.3.2.jar:/root/.m2/repository/com/vaadin/vaadin-renderer-flow/24.3.2/vaadin-renderer-flow-24.3.2.jar:/root/.m2/repository/com/vaadin/vaadin-split-layout-flow/24.3.2/vaadin-split-layout-flow-24.3.2.jar:/root/.m2/repository/com/vaadin/vaadin-tabs-flow/24.3.2/vaadin-tabs-flow-24.3.2.jar:/root/.m2/repository/com/vaadin/vaadin-text-field-flow/24.3.2/vaadin-text-field-flow-24.3.2.jar:/root/.m2/repository/com/vaadin/vaadin-upload-flow/24.3.2/vaadin-upload-flow-24.3.2.jar:/root/.m2/repository/com/vaadin/vaadin-notification-flow/24.3.2/vaadin-notification-flow-24.3.2.jar:/root/.m2/repository/com/vaadin/vaadin-app-layout-flow/24.3.2/vaadin-app-layout-flow-24.3.2.jar:/root/.m2/repository/com/vaadin/vaadin-context-menu-flow/24.3.2/vaadin-context-menu-flow-24.3.2.jar:/root/.m2/repository/com/vaadin/vaadin-menu-bar-flow/24.3.2/vaadin-menu-bar-flow-24.3.2.jar:/root/.m2/repository/com/vaadin/vaadin-dev/24.3.2/vaadin-dev-24.3.2.jar:/root/.m2/repository/org/springframework/boot/spring-boot-starter-web/3.2.1/spring-boot-starter-web-3.2.1.jar:/root/.m2/repository/org/springframework/boot/spring-boot-starter-json/3.2.1/spring-boot-starter-json-3.2.1.jar:/root/.m2/repository/com/fasterxml/jackson/datatype/jackson-datatype-jdk8/2.15.3/jackson-datatype-jdk8-2.15.3.jar:/root/.m2/repository/com/fasterxml/jackson/module/jackson-module-parameter-names/2.15.3/jackson-module-parameter-names-2.15.3.jar:/root/.m2/repository/org/springframework/boot/spring-boot-starter-tomcat/3.2.1/spring-boot-starter-tomcat-3.2.1.jar:/root/.m2/repository/org/apache/tomcat/embed/tomcat-embed-core/10.1.17/tomcat-embed-core-10.1.17.jar:/root/.m2/repository/org/apache/tomcat/embed/tomcat-embed-el/10.1.17/tomcat-embed-el-10.1.17.jar:/root/.m2/repository/org/apache/tomcat/embed/tomcat-embed-websocket/10.1.17/tomcat-embed-websocket-10.1.17.jar:/root/.m2/repository/org/springframework/spring-web/6.1.2/spring-web-6.1.2.jar:/root/.m2/repository/ch/qos/logback/logback-classic/1.4.14/logback-classic-1.4.14.jar:/root/.m2/repository/ch/qos/logback/logback-core/1.4.14/logback-core-1.4.14.jar:/root/.m2/repository/com/h2database/h2/2.2.220/h2-2.2.220.jar:/root/.m2/repository/org/projectlombok/lombok/1.18.30/lombok-1.18.30.jar:/root/.m2/repository/org/springframework/boot/spring-boot-starter-test/3.2.1/spring-boot-starter-test-3.2.1.jar:/root/.m2/repository/org/springframework/boot/spring-boot-starter/3.2.1/spring-boot-starter-3.2.1.jar:/root/.m2/repository/org/springframework/boot/spring-boot/3.2.1/spring-boot-3.2.1.jar:/root/.m2/repository/org/springframework/boot/spring-boot-autoconfigure/3.2.1/spring-boot-autoconfigure-3.2.1.jar:/root/.m2/repository/org/springframework/boot/spring-boot-starter-logging/3.2.1/spring-boot-starter-logging-3.2.1.jar:/root/.m2/repository/org/apache/logging/log4j/log4j-to-slf4j/2.21.1/log4j-to-slf4j-2.21.1.jar:/root/.m2/repository/org/apache/logging/log4j/log4j-api/2.21.1/log4j-api-2.21.1.jar:/root/.m2/repository/org/slf4j/jul-to-slf4j/2.0.9/jul-to-slf4j-2.0.9.jar:/root/.m2/repository/org/yaml/snakeyaml/2.2/snakeyaml-2.2.jar:/root/.m2/repository/org/springframework/boot/spring-boot-test/3.2.1/spring-boot-test-3.2.1.jar:/root/.m2/repository/org/springframework/boot/spring-boot-test-autoconfigure/3.2.1/spring-boot-test-autoconfigure-3.2.1.jar:/root/.m2/repository/com/jayway/jsonpath/json-path/2.8.0/json-path-2.8.0.jar:/root/.m2/repository/jakarta/xml/bind/jakarta.xml.bind-api/4.0.1/jakarta.xml.bind-api-4.0.1.jar:/root/.m2/repository/jakarta/activation/jakarta.activation-api/2.1.2/jakarta.activation-api-2.1.2.jar:/root/.m2/repository/net/minidev/json-smart/2.5.0/json-smart-2.5.0.jar:/root/.m2/repository/net/minidev/accessors-smart/2.5.0/accessors-smart-2.5.0.jar:/root/.m2/repository/org/assertj/assertj-core/3.24.2/assertj-core-3.24.2.jar:/root/.m2/repository/org/awaitility/awaitility/4.2.0/awaitility-4.2.0.jar:/root/.m2/repository/org/hamcrest/hamcrest/2.2/hamcrest-2.2.jar:/root/.m2/repository/org/junit/jupiter/junit-jupiter/5.10.1/junit-jupiter-5.10.1.jar:/root/.m2/repository/org/junit/jupiter/junit-jupiter-api/5.10.1/junit-jupiter-api-5.10.1.jar:/root/.m2/repository/org/opentest4j/opentest4j/1.3.0/opentest4j-1.3.0.jar:/root/.m2/repository/org/junit/platform/junit-platform-commons/1.10.1/junit-platform-commons-1.10.1.jar:/root/.m2/repository/org/apiguardian/apiguardian-api/1.1.2/apiguardian-api-1.1.2.jar:/root/.m2/repository/org/junit/jupiter/junit-jupiter-params/5.10.1/junit-jupiter-params-5.10.1.jar:/root/.m2/repository/org/junit/jupiter/junit-jupiter-engine/5.10.1/junit-jupiter-engine-5.10.1.jar:/root/.m2/repository/org/junit/platform/junit-platform-engine/1.10.1/junit-platform-engine-1.10.1.jar:/root/.m2/repository/org/mockito/mockito-core/5.7.0/mockito-core-5.7.0.jar:/root/.m2/repository/net/bytebuddy/byte-buddy-agent/1.14.10/byte-buddy-agent-1.14.10.jar:/root/.m2/repository/org/objenesis/objenesis/3.3/objenesis-3.3.jar:/root/.m2/repository/org/mockito/mockito-junit-jupiter/5.7.0/mockito-junit-jupiter-5.7.0.jar:/root/.m2/repository/org/skyscreamer/jsonassert/1.5.1/jsonassert-1.5.1.jar:/root/.m2/repository/com/vaadin/external/google/android-json/0.0.20131108.vaadin1/android-json-0.0.20131108.vaadin1.jar:/root/.m2/repository/org/springframework/spring-core/6.1.2/spring-core-6.1.2.jar:/root/.m2/repository/org/springframework/spring-jcl/6.1.2/spring-jcl-6.1.2.jar:/root/.m2/repository/org/springframework/spring-test/6.1.2/spring-test-6.1.2.jar:/root/.m2/repository/org/xmlunit/xmlunit-core/2.9.1/xmlunit-core-2.9.1.jar:/root/.m2/repository/com/vaadin/vaadin-maven-plugin/24.3.2/vaadin-maven-plugin-24.3.2.jar:/root/.m2/repository/com/vaadin/flow-maven-plugin/24.3.2/flow-maven-plugin-24.3.2.jar:/root/.m2/repository/com/vaadin/flow-plugin-base/24.3.2/flow-plugin-base-24.3.2.jar:/root/.m2/repository/com/vaadin/license-checker/1.12.3/license-checker-1.12.3.jar:/root/.m2/repository/com/github/oshi/oshi-core/6.4.1/oshi-core-6.4.1.jar:/root/.m2/repository/net/java/dev/jna/jna/5.13.0/jna-5.13.0.jar:/root/.m2/repository/net/java/dev/jna/jna-platform/5.13.0/jna-platform-5.13.0.jar:/root/.m2/repository/com/nimbusds/nimbus-jose-jwt/9.31/nimbus-jose-jwt-9.31.jar:/root/.m2/repository/org/lucee/jcip-annotations/1.0.0/jcip-annotations-1.0.0.jar:/root/.m2/repository/org/zeroturnaround/zt-exec/1.12/zt-exec-1.12.jar:/root/.m2/repository/com/google/gwt/gwt-elemental/2.9.0/gwt-elemental-2.9.0.jar:/root/.m2/repository/org/codehaus/plexus/plexus-build-api/1.2.0/plexus-build-api-1.2.0.jar:/root/.m2/repository/org/codehaus/plexus/plexus-utils/4.0.0/plexus-utils-4.0.0.jar:/root/.m2/repository/javax/inject/javax.inject/1/javax.inject-1.jar:/root/.m2/repository/org/sonatype/plexus/plexus-build-api/0.0.7/plexus-build-api-0.0.7.jar:/root/.m2/repository/org/eclipse/sisu/org.eclipse.sisu.plexus/0.9.0.M2/org.eclipse.sisu.plexus-0.9.0.M2.jar:/root/.m2/repository/com/vaadin/flow-polymer2lit/24.3.2/flow-polymer2lit-24.3.2.jar:/root/.m2/repository/org/jboss/forge/roaster/roaster-api/2.29.0.Final/roaster-api-2.29.0.Final.jar:/root/.m2/repository/org/jboss/forge/roaster/roaster-jdt/2.29.0.Final/roaster-jdt-2.29.0.Final.jar:/root/.m2/repository/com/vaadin/vaadin-prod-bundle/24.3.2/vaadin-prod-bundle-24.3.2.jar:/root/.m2/repository/com/vaadin/vaadin-dev-bundle/24.3.2/vaadin-dev-bundle-24.3.2.jar:/root/.m2/repository/com/vaadin/vaadin-dev-server/24.3.2/vaadin-dev-server-24.3.2.jar:/root/.m2/repository/com/vaadin/open/8.5.0/open-8.5.0.jar:/root/.m2/repository/com/github/javaparser/javaparser-core/3.25.6/javaparser-core-3.25.6.jar:/root/.m2/repository/io/methvin/directory-watcher/0.18.0/directory-watcher-0.18.0.jar:/root/.m2/repository/com/vaadin/copilot/24.3.3/copilot-24.3.3.jar:/root/.m2/repository/com/oracle/database/jdbc/ojdbc8/23.3.0.23.09/ojdbc8-23.3.0.23.09.jar:/root/.m2/repository/com/oracle/ojdbc/orai18n/19.3.0.0/orai18n-19.3.0.0.jar:/root/.m2/repository/com/opencsv/opencsv/5.7.1/opencsv-5.7.1.jar:/root/.m2/repository/org/apache/commons/commons-text/1.10.0/commons-text-1.10.0.jar:/root/.m2/repository/commons-beanutils/commons-beanutils/1.9.4/commons-beanutils-1.9.4.jar:/root/.m2/repository/commons-logging/commons-logging/1.2/commons-logging-1.2.jar:/root/.m2/repository/commons-collections/commons-collections/3.2.2/commons-collections-3.2.2.jar:/root/.m2/repository/org/apache/commons/commons-collections4/4.4/commons-collections4-4.4.jar:/root/.m2/repository/com/github/appreciated/apexcharts/23.0.1/apexcharts-23.0.1.jar:/root/.m2/repository/org/apache/commons/commons-lang3/3.12.0/commons-lang3-3.12.0.jar:"/>
    <property name="java.vm.vendor" value="ROSA Linux"/>
    <property name="sun.arch.data.model" value="64"/>
    <property name="spring.devtools.livereload.port" value="35729"/>
    <property name="java.vendor.url" value="https://www.rosalinux.ru/"/>
    <property name="user.timezone" value="Europe/Moscow"/>
    <property name="org.jboss.logging.provider" value="slf4j"/>
    <property name="os.name" value="Linux"/>
    <property name="java.vm.specification.version" value="17"/>
    <property name="sun.java.launcher" value="SUN_STANDARD"/>
    <property name="user.country" value="RU"/>
    <property name="sun.boot.library.path" value="/usr/lib/jvm/java-17-openjdk-17.0.8.0.7-1.x86_64-fastdebug/lib"/>
    <property name="sun.java.command" value="/home/eshustov/IdeaProjects/OIP_KAFKA_GET_CLUSTER_NAME/target/surefire/surefirebooter-20240118185939305_3.jar /home/eshustov/IdeaProjects/OIP_KAFKA_GET_CLUSTER_NAME/target/surefire 2024-01-18T18-59-35_720-jvmRun1 surefire-20240118185939305_1tmp surefire_0-20240118185939305_2tmp"/>
    <property name="jdk.debug" value="fastdebug"/>
    <property name="surefire.test.class.path" value="/home/eshustov/IdeaProjects/OIP_KAFKA_GET_CLUSTER_NAME/target/test-classes:/home/eshustov/IdeaProjects/OIP_KAFKA_GET_CLUSTER_NAME/target/classes:/root/.m2/repository/org/springframework/boot/spring-boot-starter-data-jpa/3.2.1/spring-boot-starter-data-jpa-3.2.1.jar:/root/.m2/repository/org/springframework/boot/spring-boot-starter-aop/3.2.1/spring-boot-starter-aop-3.2.1.jar:/root/.m2/repository/org/springframework/spring-aop/6.1.2/spring-aop-6.1.2.jar:/root/.m2/repository/org/aspectj/aspectjweaver/1.9.21/aspectjweaver-1.9.21.jar:/root/.m2/repository/org/springframework/boot/spring-boot-starter-jdbc/3.2.1/spring-boot-starter-jdbc-3.2.1.jar:/root/.m2/repository/com/zaxxer/HikariCP/5.0.1/HikariCP-5.0.1.jar:/root/.m2/repository/org/springframework/spring-jdbc/6.1.2/spring-jdbc-6.1.2.jar:/root/.m2/repository/org/hibernate/orm/hibernate-core/6.4.1.Final/hibernate-core-6.4.1.Final.jar:/root/.m2/repository/jakarta/persistence/jakarta.persistence-api/3.1.0/jakarta.persistence-api-3.1.0.jar:/root/.m2/repository/jakarta/transaction/jakarta.transaction-api/2.0.1/jakarta.transaction-api-2.0.1.jar:/root/.m2/repository/org/jboss/logging/jboss-logging/3.5.3.Final/jboss-logging-3.5.3.Final.jar:/root/.m2/repository/org/hibernate/common/hibernate-commons-annotations/6.0.6.Final/hibernate-commons-annotations-6.0.6.Final.jar:/root/.m2/repository/io/smallrye/jandex/3.1.2/jandex-3.1.2.jar:/root/.m2/repository/com/fasterxml/classmate/1.6.0/classmate-1.6.0.jar:/root/.m2/repository/net/bytebuddy/byte-buddy/1.14.10/byte-buddy-1.14.10.jar:/root/.m2/repository/org/glassfish/jaxb/jaxb-runtime/4.0.4/jaxb-runtime-4.0.4.jar:/root/.m2/repository/org/glassfish/jaxb/jaxb-core/4.0.4/jaxb-core-4.0.4.jar:/root/.m2/repository/org/eclipse/angus/angus-activation/2.0.1/angus-activation-2.0.1.jar:/root/.m2/repository/org/glassfish/jaxb/txw2/4.0.4/txw2-4.0.4.jar:/root/.m2/repository/com/sun/istack/istack-commons-runtime/4.1.2/istack-commons-runtime-4.1.2.jar:/root/.m2/repository/jakarta/inject/jakarta.inject-api/2.0.1/jakarta.inject-api-2.0.1.jar:/root/.m2/repository/org/antlr/antlr4-runtime/4.13.0/antlr4-runtime-4.13.0.jar:/root/.m2/repository/org/springframework/data/spring-data-jpa/3.2.1/spring-data-jpa-3.2.1.jar:/root/.m2/repository/org/springframework/data/spring-data-commons/3.2.1/spring-data-commons-3.2.1.jar:/root/.m2/repository/org/springframework/spring-orm/6.1.2/spring-orm-6.1.2.jar:/root/.m2/repository/org/springframework/spring-context/6.1.2/spring-context-6.1.2.jar:/root/.m2/repository/org/springframework/spring-expression/6.1.2/spring-expression-6.1.2.jar:/root/.m2/repository/io/micrometer/micrometer-observation/1.12.1/micrometer-observation-1.12.1.jar:/root/.m2/repository/io/micrometer/micrometer-commons/1.12.1/micrometer-commons-1.12.1.jar:/root/.m2/repository/org/springframework/spring-tx/6.1.2/spring-tx-6.1.2.jar:/root/.m2/repository/org/springframework/spring-beans/6.1.2/spring-beans-6.1.2.jar:/root/.m2/repository/jakarta/annotation/jakarta.annotation-api/2.1.1/jakarta.annotation-api-2.1.1.jar:/root/.m2/repository/org/slf4j/slf4j-api/2.0.9/slf4j-api-2.0.9.jar:/root/.m2/repository/org/springframework/spring-aspects/6.1.2/spring-aspects-6.1.2.jar:/root/.m2/repository/com/vaadin/vaadin-spring-boot-starter/24.3.2/vaadin-spring-boot-starter-24.3.2.jar:/root/.m2/repository/com/vaadin/vaadin-spring/24.3.2/vaadin-spring-24.3.2.jar:/root/.m2/repository/com/vaadin/flow-server/24.3.2/flow-server-24.3.2.jar:/root/.m2/repository/com/vaadin/servletdetector/throw-if-servlet3/1.0.2/throw-if-servlet3-1.0.2.jar:/root/.m2/repository/com/vaadin/external/gwt/gwt-elemental/2.8.2.vaadin2/gwt-elemental-2.8.2.vaadin2.jar:/root/.m2/repository/org/apache/commons/commons-fileupload2-jakarta/2.0.0-M1/commons-fileupload2-jakarta-2.0.0-M1.jar:/root/.m2/repository/org/apache/commons/commons-fileupload2-core/2.0.0-M1/commons-fileupload2-core-2.0.0-M1.jar:/root/.m2/repository/commons-io/commons-io/2.15.0/commons-io-2.15.0.jar:/root/.m2/repository/com/fasterxml/jackson/core/jackson-core/2.15.3/jackson-core-2.15.3.jar:/root/.m2/repository/com/fasterxml/jackson/core/jackson-databind/2.15.3/jackson-databind-2.15.3.jar:/root/.m2/repository/com/fasterxml/jackson/core/jackson-annotations/2.15.3/jackson-annotations-2.15.3.jar:/root/.m2/repository/com/fasterxml/jackson/datatype/jackson-datatype-jsr310/2.15.3/jackson-datatype-jsr310-2.15.3.jar:/root/.m2/repository/org/jsoup/jsoup/1.17.1/jsoup-1.17.1.jar:/root/.m2/repository/com/helger/ph-css/7.0.1/ph-css-7.0.1.jar:/root/.m2/repository/com/helger/commons/ph-commons/11.1.0/ph-commons-11.1.0.jar:/root/.m2/repository/org/ow2/asm/asm/9.6/asm-9.6.jar:/root/.m2/repository/com/vaadin/external/gentyref/1.2.0.vaadin1/gentyref-1.2.0.vaadin1.jar:/root/.m2/repository/org/apache/commons/commons-compress/1.25.0/commons-compress-1.25.0.jar:/root/.m2/repository/com/vaadin/flow-push/24.3.2/flow-push-24.3.2.jar:/root/.m2/repository/com/vaadin/external/atmosphere/atmosphere-runtime/3.0.3.slf4jvaadin2/atmosphere-runtime-3.0.3.slf4jvaadin2.jar:/root/.m2/repository/com/vaadin/flow-client/24.3.2/flow-client-24.3.2.jar:/root/.m2/repository/org/springframework/spring-webmvc/6.1.2/spring-webmvc-6.1.2.jar:/root/.m2/repository/org/springframework/spring-websocket/6.1.2/spring-websocket-6.1.2.jar:/root/.m2/repository/org/hibernate/validator/hibernate-validator/8.0.1.Final/hibernate-validator-8.0.1.Final.jar:/root/.m2/repository/jakarta/validation/jakarta.validation-api/3.0.2/jakarta.validation-api-3.0.2.jar:/root/.m2/repository/org/reflections/reflections/0.10.2/reflections-0.10.2.jar:/root/.m2/repository/org/javassist/javassist/3.28.0-GA/javassist-3.28.0-GA.jar:/root/.m2/repository/com/google/code/findbugs/jsr305/3.0.2/jsr305-3.0.2.jar:/root/.m2/repository/com/vaadin/vaadin-core/24.3.2/vaadin-core-24.3.2.jar:/root/.m2/repository/com/vaadin/vaadin-core-internal/24.3.2/vaadin-core-internal-24.3.2.jar:/root/.m2/repository/com/vaadin/flow-lit-template/24.3.2/flow-lit-template-24.3.2.jar:/root/.m2/repository/com/vaadin/flow-html-components/24.3.2/flow-html-components-24.3.2.jar:/root/.m2/repository/com/vaadin/flow-data/24.3.2/flow-data-24.3.2.jar:/root/.m2/repository/com/vaadin/flow-dnd/24.3.2/flow-dnd-24.3.2.jar:/root/.m2/repository/com/vaadin/vaadin-lumo-theme/24.3.2/vaadin-lumo-theme-24.3.2.jar:/root/.m2/repository/com/vaadin/vaadin-material-theme/24.3.2/vaadin-material-theme-24.3.2.jar:/root/.m2/repository/com/vaadin/vaadin-accordion-flow/24.3.2/vaadin-accordion-flow-24.3.2.jar:/root/.m2/repository/com/vaadin/vaadin-avatar-flow/24.3.2/vaadin-avatar-flow-24.3.2.jar:/root/.m2/repository/com/vaadin/vaadin-flow-components-base/24.3.2/vaadin-flow-components-base-24.3.2.jar:/root/.m2/repository/com/vaadin/vaadin-button-flow/24.3.2/vaadin-button-flow-24.3.2.jar:/root/.m2/repository/com/vaadin/vaadin-checkbox-flow/24.3.2/vaadin-checkbox-flow-24.3.2.jar:/root/.m2/repository/com/vaadin/vaadin-combo-box-flow/24.3.2/vaadin-combo-box-flow-24.3.2.jar:/root/.m2/repository/com/vaadin/vaadin-confirm-dialog-flow/24.3.2/vaadin-confirm-dialog-flow-24.3.2.jar:/root/.m2/repository/com/vaadin/vaadin-custom-field-flow/24.3.2/vaadin-custom-field-flow-24.3.2.jar:/root/.m2/repository/com/vaadin/vaadin-date-picker-flow/24.3.2/vaadin-date-picker-flow-24.3.2.jar:/root/.m2/repository/com/vaadin/vaadin-date-time-picker-flow/24.3.2/vaadin-date-time-picker-flow-24.3.2.jar:/root/.m2/repository/com/vaadin/vaadin-details-flow/24.3.2/vaadin-details-flow-24.3.2.jar:/root/.m2/repository/com/vaadin/vaadin-time-picker-flow/24.3.2/vaadin-time-picker-flow-24.3.2.jar:/root/.m2/repository/com/vaadin/vaadin-select-flow/24.3.2/vaadin-select-flow-24.3.2.jar:/root/.m2/repository/com/vaadin/vaadin-side-nav-flow/24.3.2/vaadin-side-nav-flow-24.3.2.jar:/root/.m2/repository/com/vaadin/vaadin-dialog-flow/24.3.2/vaadin-dialog-flow-24.3.2.jar:/root/.m2/repository/com/vaadin/vaadin-form-layout-flow/24.3.2/vaadin-form-layout-flow-24.3.2.jar:/root/.m2/repository/com/vaadin/vaadin-field-highlighter-flow/24.3.2/vaadin-field-highlighter-flow-24.3.2.jar:/root/.m2/repository/com/vaadin/vaadin-grid-flow/24.3.2/vaadin-grid-flow-24.3.2.jar:/root/.m2/repository/com/vaadin/vaadin-icons-flow/24.3.2/vaadin-icons-flow-24.3.2.jar:/root/.m2/repository/com/vaadin/vaadin-virtual-list-flow/24.3.2/vaadin-virtual-list-flow-24.3.2.jar:/root/.m2/repository/com/vaadin/vaadin-list-box-flow/24.3.2/vaadin-list-box-flow-24.3.2.jar:/root/.m2/repository/com/vaadin/vaadin-login-flow/24.3.2/vaadin-login-flow-24.3.2.jar:/root/.m2/repository/com/vaadin/vaadin-messages-flow/24.3.2/vaadin-messages-flow-24.3.2.jar:/root/.m2/repository/com/vaadin/vaadin-ordered-layout-flow/24.3.2/vaadin-ordered-layout-flow-24.3.2.jar:/root/.m2/repository/com/vaadin/vaadin-progress-bar-flow/24.3.2/vaadin-progress-bar-flow-24.3.2.jar:/root/.m2/repository/com/vaadin/vaadin-radio-button-flow/24.3.2/vaadin-radio-button-flow-24.3.2.jar:/root/.m2/repository/com/vaadin/vaadin-renderer-flow/24.3.2/vaadin-renderer-flow-24.3.2.jar:/root/.m2/repository/com/vaadin/vaadin-split-layout-flow/24.3.2/vaadin-split-layout-flow-24.3.2.jar:/root/.m2/repository/com/vaadin/vaadin-tabs-flow/24.3.2/vaadin-tabs-flow-24.3.2.jar:/root/.m2/repository/com/vaadin/vaadin-text-field-flow/24.3.2/vaadin-text-field-flow-24.3.2.jar:/root/.m2/repository/com/vaadin/vaadin-upload-flow/24.3.2/vaadin-upload-flow-24.3.2.jar:/root/.m2/repository/com/vaadin/vaadin-notification-flow/24.3.2/vaadin-notification-flow-24.3.2.jar:/root/.m2/repository/com/vaadin/vaadin-app-layout-flow/24.3.2/vaadin-app-layout-flow-24.3.2.jar:/root/.m2/repository/com/vaadin/vaadin-context-menu-flow/24.3.2/vaadin-context-menu-flow-24.3.2.jar:/root/.m2/repository/com/vaadin/vaadin-menu-bar-flow/24.3.2/vaadin-menu-bar-flow-24.3.2.jar:/root/.m2/repository/com/vaadin/vaadin-dev/24.3.2/vaadin-dev-24.3.2.jar:/root/.m2/repository/org/springframework/boot/spring-boot-starter-web/3.2.1/spring-boot-starter-web-3.2.1.jar:/root/.m2/repository/org/springframework/boot/spring-boot-starter-json/3.2.1/spring-boot-starter-json-3.2.1.jar:/root/.m2/repository/com/fasterxml/jackson/datatype/jackson-datatype-jdk8/2.15.3/jackson-datatype-jdk8-2.15.3.jar:/root/.m2/repository/com/fasterxml/jackson/module/jackson-module-parameter-names/2.15.3/jackson-module-parameter-names-2.15.3.jar:/root/.m2/repository/org/springframework/boot/spring-boot-starter-tomcat/3.2.1/spring-boot-starter-tomcat-3.2.1.jar:/root/.m2/repository/org/apache/tomcat/embed/tomcat-embed-core/10.1.17/tomcat-embed-core-10.1.17.jar:/root/.m2/repository/org/apache/tomcat/embed/tomcat-embed-el/10.1.17/tomcat-embed-el-10.1.17.jar:/root/.m2/repository/org/apache/tomcat/embed/tomcat-embed-websocket/10.1.17/tomcat-embed-websocket-10.1.17.jar:/root/.m2/repository/org/springframework/spring-web/6.1.2/spring-web-6.1.2.jar:/root/.m2/repository/ch/qos/logback/logback-classic/1.4.14/logback-classic-1.4.14.jar:/root/.m2/repository/ch/qos/logback/logback-core/1.4.14/logback-core-1.4.14.jar:/root/.m2/repository/com/h2database/h2/2.2.220/h2-2.2.220.jar:/root/.m2/repository/org/projectlombok/lombok/1.18.30/lombok-1.18.30.jar:/root/.m2/repository/org/springframework/boot/spring-boot-starter-test/3.2.1/spring-boot-starter-test-3.2.1.jar:/root/.m2/repository/org/springframework/boot/spring-boot-starter/3.2.1/spring-boot-starter-3.2.1.jar:/root/.m2/repository/org/springframework/boot/spring-boot/3.2.1/spring-boot-3.2.1.jar:/root/.m2/repository/org/springframework/boot/spring-boot-autoconfigure/3.2.1/spring-boot-autoconfigure-3.2.1.jar:/root/.m2/repository/org/springframework/boot/spring-boot-starter-logging/3.2.1/spring-boot-starter-logging-3.2.1.jar:/root/.m2/repository/org/apache/logging/log4j/log4j-to-slf4j/2.21.1/log4j-to-slf4j-2.21.1.jar:/root/.m2/repository/org/apache/logging/log4j/log4j-api/2.21.1/log4j-api-2.21.1.jar:/root/.m2/repository/org/slf4j/jul-to-slf4j/2.0.9/jul-to-slf4j-2.0.9.jar:/root/.m2/repository/org/yaml/snakeyaml/2.2/snakeyaml-2.2.jar:/root/.m2/repository/org/springframework/boot/spring-boot-test/3.2.1/spring-boot-test-3.2.1.jar:/root/.m2/repository/org/springframework/boot/spring-boot-test-autoconfigure/3.2.1/spring-boot-test-autoconfigure-3.2.1.jar:/root/.m2/repository/com/jayway/jsonpath/json-path/2.8.0/json-path-2.8.0.jar:/root/.m2/repository/jakarta/xml/bind/jakarta.xml.bind-api/4.0.1/jakarta.xml.bind-api-4.0.1.jar:/root/.m2/repository/jakarta/activation/jakarta.activation-api/2.1.2/jakarta.activation-api-2.1.2.jar:/root/.m2/repository/net/minidev/json-smart/2.5.0/json-smart-2.5.0.jar:/root/.m2/repository/net/minidev/accessors-smart/2.5.0/accessors-smart-2.5.0.jar:/root/.m2/repository/org/assertj/assertj-core/3.24.2/assertj-core-3.24.2.jar:/root/.m2/repository/org/awaitility/awaitility/4.2.0/awaitility-4.2.0.jar:/root/.m2/repository/org/hamcrest/hamcrest/2.2/hamcrest-2.2.jar:/root/.m2/repository/org/junit/jupiter/junit-jupiter/5.10.1/junit-jupiter-5.10.1.jar:/root/.m2/repository/org/junit/jupiter/junit-jupiter-api/5.10.1/junit-jupiter-api-5.10.1.jar:/root/.m2/repository/org/opentest4j/opentest4j/1.3.0/opentest4j-1.3.0.jar:/root/.m2/repository/org/junit/platform/junit-platform-commons/1.10.1/junit-platform-commons-1.10.1.jar:/root/.m2/repository/org/apiguardian/apiguardian-api/1.1.2/apiguardian-api-1.1.2.jar:/root/.m2/repository/org/junit/jupiter/junit-jupiter-params/5.10.1/junit-jupiter-params-5.10.1.jar:/root/.m2/repository/org/junit/jupiter/junit-jupiter-engine/5.10.1/junit-jupiter-engine-5.10.1.jar:/root/.m2/repository/org/junit/platform/junit-platform-engine/1.10.1/junit-platform-engine-1.10.1.jar:/root/.m2/repository/org/mockito/mockito-core/5.7.0/mockito-core-5.7.0.jar:/root/.m2/repository/net/bytebuddy/byte-buddy-agent/1.14.10/byte-buddy-agent-1.14.10.jar:/root/.m2/repository/org/objenesis/objenesis/3.3/objenesis-3.3.jar:/root/.m2/repository/org/mockito/mockito-junit-jupiter/5.7.0/mockito-junit-jupiter-5.7.0.jar:/root/.m2/repository/org/skyscreamer/jsonassert/1.5.1/jsonassert-1.5.1.jar:/root/.m2/repository/com/vaadin/external/google/android-json/0.0.20131108.vaadin1/android-json-0.0.20131108.vaadin1.jar:/root/.m2/repository/org/springframework/spring-core/6.1.2/spring-core-6.1.2.jar:/root/.m2/repository/org/springframework/spring-jcl/6.1.2/spring-jcl-6.1.2.jar:/root/.m2/repository/org/springframework/spring-test/6.1.2/spring-test-6.1.2.jar:/root/.m2/repository/org/xmlunit/xmlunit-core/2.9.1/xmlunit-core-2.9.1.jar:/root/.m2/repository/com/vaadin/vaadin-maven-plugin/24.3.2/vaadin-maven-plugin-24.3.2.jar:/root/.m2/repository/com/vaadin/flow-maven-plugin/24.3.2/flow-maven-plugin-24.3.2.jar:/root/.m2/repository/com/vaadin/flow-plugin-base/24.3.2/flow-plugin-base-24.3.2.jar:/root/.m2/repository/com/vaadin/license-checker/1.12.3/license-checker-1.12.3.jar:/root/.m2/repository/com/github/oshi/oshi-core/6.4.1/oshi-core-6.4.1.jar:/root/.m2/repository/net/java/dev/jna/jna/5.13.0/jna-5.13.0.jar:/root/.m2/repository/net/java/dev/jna/jna-platform/5.13.0/jna-platform-5.13.0.jar:/root/.m2/repository/com/nimbusds/nimbus-jose-jwt/9.31/nimbus-jose-jwt-9.31.jar:/root/.m2/repository/org/lucee/jcip-annotations/1.0.0/jcip-annotations-1.0.0.jar:/root/.m2/repository/org/zeroturnaround/zt-exec/1.12/zt-exec-1.12.jar:/root/.m2/repository/com/google/gwt/gwt-elemental/2.9.0/gwt-elemental-2.9.0.jar:/root/.m2/repository/org/codehaus/plexus/plexus-build-api/1.2.0/plexus-build-api-1.2.0.jar:/root/.m2/repository/org/codehaus/plexus/plexus-utils/4.0.0/plexus-utils-4.0.0.jar:/root/.m2/repository/javax/inject/javax.inject/1/javax.inject-1.jar:/root/.m2/repository/org/sonatype/plexus/plexus-build-api/0.0.7/plexus-build-api-0.0.7.jar:/root/.m2/repository/org/eclipse/sisu/org.eclipse.sisu.plexus/0.9.0.M2/org.eclipse.sisu.plexus-0.9.0.M2.jar:/root/.m2/repository/com/vaadin/flow-polymer2lit/24.3.2/flow-polymer2lit-24.3.2.jar:/root/.m2/repository/org/jboss/forge/roaster/roaster-api/2.29.0.Final/roaster-api-2.29.0.Final.jar:/root/.m2/repository/org/jboss/forge/roaster/roaster-jdt/2.29.0.Final/roaster-jdt-2.29.0.Final.jar:/root/.m2/repository/com/vaadin/vaadin-prod-bundle/24.3.2/vaadin-prod-bundle-24.3.2.jar:/root/.m2/repository/com/vaadin/vaadin-dev-bundle/24.3.2/vaadin-dev-bundle-24.3.2.jar:/root/.m2/repository/com/vaadin/vaadin-dev-server/24.3.2/vaadin-dev-server-24.3.2.jar:/root/.m2/repository/com/vaadin/open/8.5.0/open-8.5.0.jar:/root/.m2/repository/com/github/javaparser/javaparser-core/3.25.6/javaparser-core-3.25.6.jar:/root/.m2/repository/io/methvin/directory-watcher/0.18.0/directory-watcher-0.18.0.jar:/root/.m2/repository/com/vaadin/copilot/24.3.3/copilot-24.3.3.jar:/root/.m2/repository/com/oracle/database/jdbc/ojdbc8/23.3.0.23.09/ojdbc8-23.3.0.23.09.jar:/root/.m2/repository/com/oracle/ojdbc/orai18n/19.3.0.0/orai18n-19.3.0.0.jar:/root/.m2/repository/com/opencsv/opencsv/5.7.1/opencsv-5.7.1.jar:/root/.m2/repository/org/apache/commons/commons-text/1.10.0/commons-text-1.10.0.jar:/root/.m2/repository/commons-beanutils/commons-beanutils/1.9.4/commons-beanutils-1.9.4.jar:/root/.m2/repository/commons-logging/commons-logging/1.2/commons-logging-1.2.jar:/root/.m2/repository/commons-collections/commons-collections/3.2.2/commons-collections-3.2.2.jar:/root/.m2/repository/org/apache/commons/commons-collections4/4.4/commons-collections4-4.4.jar:/root/.m2/repository/com/github/appreciated/apexcharts/23.0.1/apexcharts-23.0.1.jar:/root/.m2/repository/org/apache/commons/commons-lang3/3.12.0/commons-lang3-3.12.0.jar:"/>
    <property name="sun.cpu.endian" value="little"/>
    <property name="user.home" value="/root"/>
    <property name="user.language" value="ru"/>
    <property name="java.specification.vendor" value="Oracle Corporation"/>
    <property name="java.version.date" value="2023-07-18"/>
    <property name="java.home" value="/usr/lib/jvm/java-17-openjdk-17.0.8.0.7-1.x86_64-fastdebug"/>
    <property name="file.separator" value="/"/>
    <property name="basedir" value="/home/eshustov/IdeaProjects/OIP_KAFKA_GET_CLUSTER_NAME"/>
    <property name="java.vm.compressedOopsMode" value="32-bit"/>
    <property name="line.separator" value="&#10;"/>
    <property name="java.specification.name" value="Java Platform API Specification"/>
    <property name="java.vm.specification.vendor" value="Oracle Corporation"/>
    <property name="FILE_LOG_CHARSET" value="UTF-8"/>
    <property name="java.awt.headless" value="true"/>
    <property name="surefire.real.class.path" value="/home/eshustov/IdeaProjects/OIP_KAFKA_GET_CLUSTER_NAME/target/surefire/surefirebooter-20240118185939305_3.jar"/>
    <property name="sun.management.compiler" value="HotSpot 64-Bit Tiered Compilers"/>
    <property name="java.runtime.version" value="17.0.8+7"/>
    <property name="user.name" value="root"/>
    <property name="path.separator" value=":"/>
    <property name="os.version" value="5.10.74-generic-2rosa2021.1-x86_64"/>
    <property name="java.runtime.name" value="OpenJDK Runtime Environment"/>
    <property name="file.encoding" value="UTF-8"/>
    <property name="java.vm.name" value="OpenJDK 64-Bit Server VM"/>
    <property name="java.vendor.version" value="(ROSA_Linux-17.0.8.0.7-1)"/>
    <property name="localRepository" value="/root/.m2/repository"/>
    <property name="java.vendor.url.bug" value="https://bugzilla.redhat.com/enter_bug.cgi"/>
    <property name="java.io.tmpdir" value="/tmp"/>
    <property name="idea.version" value="2023.3.1"/>
    <property name="com.zaxxer.hikari.pool_number" value="1"/>
    <property name="java.version" value="17.0.8"/>
    <property name="user.dir" value="/home/eshustov/IdeaProjects/OIP_KAFKA_GET_CLUSTER_NAME"/>
    <property name="os.arch" value="amd64"/>
    <property name="java.vm.specification.name" value="Java Virtual Machine Specification"/>
    <property name="PID" value="60555"/>
    <property name="CONSOLE_LOG_CHARSET" value="UTF-8"/>
    <property name="native.encoding" value="UTF-8"/>
    <property name="java.library.path" value="/usr/java/packages/lib:/usr/lib64:/lib64:/lib:/usr/lib"/>
    <property name="java.vm.info" value="mixed mode, sharing"/>
    <property name="java.vendor" value="ROSA Linux"/>
    <property name="java.vm.version" value="17.0.8+7"/>
    <property name="sun.io.unicode.encoding" value="UnicodeLittle"/>
    <property name="java.class.version" value="61.0"/>
  </properties>
  <testcase name="contextLoads" classname="ru.sberbank.uspincidentreport.MqtivolireportApplicationTests" time="10.502">
    <system-out><![CDATA[18:59:56.530 [main] INFO org.springframework.test.context.support.AnnotationConfigContextLoaderUtils -- Could not detect default configuration classes for test class [ru.sberbank.uspincidentreport.MqtivolireportApplicationTests]: MqtivolireportApplicationTests does not declare any static, non-private, non-final, nested classes annotated with @Configuration.
18:59:58.321 [main] INFO org.springframework.boot.test.context.SpringBootTestContextBootstrapper -- Found @SpringBootConfiguration ru.sberbank.uspincidentreport.OIPKafkaGetClusterName for test class ru.sberbank.uspincidentreport.MqtivolireportApplicationTests
                                 _                   _        
  __ _  _ __    ___ __  __  ___ | |__    __ _  _ __ | |_  ___ 
 / _` || '_ \  / _ \\ \/ / / __|| '_ \  / _` || '__|| __|/ __|
| (_| || |_) ||  __/ >  < | (__ | | | || (_| || |   | |_ \__ \
 \__,_|| .__/  \___|/_/\_\ \___||_| |_| \__,_||_|    \__||___/
       |_|                                                    

2024-01-18T19:00:06.572+03:00  INFO 60555 --- [           main] r.s.u.MqtivolireportApplicationTests     : Starting MqtivolireportApplicationTests using Java 17.0.8 with PID 60555 (started by root in /home/eshustov/IdeaProjects/OIP_KAFKA_GET_CLUSTER_NAME)
2024-01-18T19:00:06.626+03:00  INFO 60555 --- [           main] r.s.u.MqtivolireportApplicationTests     : No active profile set, falling back to 1 default profile: "default"
2024-01-18T19:00:21.133+03:00  INFO 60555 --- [           main] .s.d.r.c.RepositoryConfigurationDelegate : Bootstrapping Spring Data JPA repositories in DEFAULT mode.
2024-01-18T19:00:22.516+03:00  INFO 60555 --- [           main] .s.d.r.c.RepositoryConfigurationDelegate : Finished Spring Data repository scanning in 1121 ms. Found 1 JPA repository interface.
2024-01-18T19:00:32.884+03:00  INFO 60555 --- [           main] o.hibernate.jpa.internal.util.LogHelper  : HHH000204: Processing PersistenceUnitInfo [name: default]
2024-01-18T19:00:34.943+03:00  INFO 60555 --- [           main] org.hibernate.Version                    : HHH000412: Hibernate ORM core version 6.4.1.Final
2024-01-18T19:00:36.010+03:00  INFO 60555 --- [           main] o.h.c.internal.RegionFactoryInitiator    : HHH000026: Second-level cache disabled
2024-01-18T19:00:43.992+03:00  INFO 60555 --- [           main] o.s.o.j.p.SpringPersistenceUnitInfo      : No LoadTimeWeaver setup: ignoring JPA class transformer
2024-01-18T19:00:45.016+03:00  INFO 60555 --- [           main] com.zaxxer.hikari.HikariDataSource       : HikariPool-1 - Starting...
2024-01-18T19:01:02.590+03:00  INFO 60555 --- [           main] com.zaxxer.hikari.pool.HikariPool        : HikariPool-1 - Added connection conn0: url=jdbc:h2:mem:73fd5219-d63b-4722-ae46-9e42851f0e7d user=SA
2024-01-18T19:01:02.645+03:00  INFO 60555 --- [           main] com.zaxxer.hikari.HikariDataSource       : HikariPool-1 - Start completed.
2024-01-18T19:01:03.696+03:00  WARN 60555 --- [           main] org.hibernate.dialect.Dialect            : HHH000511: The 2.2.0 version for [org.hibernate.dialect.OracleDialect] is no longer supported, hence certain features may not work properly. The minimum supported version is 19.0.0. Check the community dialects project for available legacy versions.
2024-01-18T19:01:03.855+03:00  WARN 60555 --- [           main] org.hibernate.orm.deprecation            : HHH90000025: OracleDialect does not need to be specified explicitly using 'hibernate.dialect' (remove the property setting and it will be selected by default)
2024-01-18T19:01:26.490+03:00  INFO 60555 --- [           main] o.h.e.t.j.p.i.JtaPlatformInitiator       : HHH000489: No JTA platform available (set 'hibernate.transaction.jta.platform' to enable JTA platform integration)
2024-01-18T19:01:26.604+03:00  INFO 60555 --- [           main] j.LocalContainerEntityManagerFactoryBean : Initialized JPA EntityManagerFactory for persistence unit 'default'
2024-01-18T19:01:34.144+03:00  WARN 60555 --- [           main] JpaBaseConfiguration$JpaWebConfiguration : spring.jpa.open-in-view is enabled by default. Therefore, database queries may be performed during view rendering. Explicitly configure spring.jpa.open-in-view to disable this warning
2024-01-18T19:01:52.681+03:00  INFO 60555 --- [           main] o.s.d.j.r.query.QueryEnhancerFactory     : Hibernate is in classpath; If applicable, HQL parser will be used.
2024-01-18T19:01:54.942+03:00  INFO 60555 --- [           main] r.s.u.MqtivolireportApplicationTests     : Started MqtivolireportApplicationTests in 113.464 seconds (process running for 131.829)
]]></system-out>
  </testcase>
</testsuite>