<?xml version="1.0" encoding="UTF-8"?>
<testsuite xmlns:xsi="http://www.w3.org/2001/XMLSchema-instance" xsi:noNamespaceSchemaLocation="https://maven.apache.org/surefire/maven-surefire-plugin/xsd/surefire-test-report.xsd" name="ru.sberbank.uspincidentreport.MqtivolireportApplicationTests" time="8.855" tests="1" errors="0" skipped="0" failures="0">
  <properties>
    <property name="awt.toolkit" value="sun.awt.X11.XToolkit"/>
    <property name="java.specification.version" value="11"/>
    <property name="sun.cpu.isalist" value=""/>
    <property name="sun.jnu.encoding" value="UTF-8"/>
    <property name="java.class.path" value="/home/eshustov/IdeaProjects/OIP_KAFKA_GET_CLUSTER_NAME/target/test-classes:/home/eshustov/IdeaProjects/OIP_KAFKA_GET_CLUSTER_NAME/target/classes:/home/eshustov/.m2/repository/org/springframework/boot/spring-boot-starter-data-jpa/2.6.6/spring-boot-starter-data-jpa-2.6.6.jar:/home/eshustov/.m2/repository/org/springframework/boot/spring-boot-starter-aop/2.6.6/spring-boot-starter-aop-2.6.6.jar:/home/eshustov/.m2/repository/org/springframework/spring-aop/5.3.18/spring-aop-5.3.18.jar:/home/eshustov/.m2/repository/org/aspectj/aspectjweaver/1.9.7/aspectjweaver-1.9.7.jar:/home/eshustov/.m2/repository/org/springframework/boot/spring-boot-starter-jdbc/2.6.6/spring-boot-starter-jdbc-2.6.6.jar:/home/eshustov/.m2/repository/com/zaxxer/HikariCP/4.0.3/HikariCP-4.0.3.jar:/home/eshustov/.m2/repository/org/springframework/spring-jdbc/5.3.18/spring-jdbc-5.3.18.jar:/home/eshustov/.m2/repository/jakarta/transaction/jakarta.transaction-api/1.3.3/jakarta.transaction-api-1.3.3.jar:/home/eshustov/.m2/repository/jakarta/persistence/jakarta.persistence-api/2.2.3/jakarta.persistence-api-2.2.3.jar:/home/eshustov/.m2/repository/org/hibernate/hibernate-core/5.6.7.Final/hibernate-core-5.6.7.Final.jar:/home/eshustov/.m2/repository/org/jboss/logging/jboss-logging/3.4.3.Final/jboss-logging-3.4.3.Final.jar:/home/eshustov/.m2/repository/net/bytebuddy/byte-buddy/1.11.22/byte-buddy-1.11.22.jar:/home/eshustov/.m2/repository/antlr/antlr/2.7.7/antlr-2.7.7.jar:/home/eshustov/.m2/repository/org/jboss/jandex/2.4.2.Final/jandex-2.4.2.Final.jar:/home/eshustov/.m2/repository/com/fasterxml/classmate/1.5.1/classmate-1.5.1.jar:/home/eshustov/.m2/repository/org/hibernate/common/hibernate-commons-annotations/5.1.2.Final/hibernate-commons-annotations-5.1.2.Final.jar:/home/eshustov/.m2/repository/org/glassfish/jaxb/jaxb-runtime/2.3.6/jaxb-runtime-2.3.6.jar:/home/eshustov/.m2/repository/org/glassfish/jaxb/txw2/2.3.6/txw2-2.3.6.jar:/home/eshustov/.m2/repository/com/sun/istack/istack-commons-runtime/3.0.12/istack-commons-runtime-3.0.12.jar:/home/eshustov/.m2/repository/com/sun/activation/jakarta.activation/1.2.2/jakarta.activation-1.2.2.jar:/home/eshustov/.m2/repository/org/springframework/data/spring-data-jpa/2.6.3/spring-data-jpa-2.6.3.jar:/home/eshustov/.m2/repository/org/springframework/data/spring-data-commons/2.6.3/spring-data-commons-2.6.3.jar:/home/eshustov/.m2/repository/org/springframework/spring-orm/5.3.18/spring-orm-5.3.18.jar:/home/eshustov/.m2/repository/org/springframework/spring-context/5.3.18/spring-context-5.3.18.jar:/home/eshustov/.m2/repository/org/springframework/spring-expression/5.3.18/spring-expression-5.3.18.jar:/home/eshustov/.m2/repository/org/springframework/spring-tx/5.3.18/spring-tx-5.3.18.jar:/home/eshustov/.m2/repository/org/springframework/spring-beans/5.3.18/spring-beans-5.3.18.jar:/home/eshustov/.m2/repository/org/springframework/spring-aspects/5.3.18/spring-aspects-5.3.18.jar:/home/eshustov/.m2/repository/com/vaadin/vaadin-spring-boot-starter/23.0.4/vaadin-spring-boot-starter-23.0.4.jar:/home/eshustov/.m2/repository/com/vaadin/vaadin-spring/23.0.4/vaadin-spring-23.0.4.jar:/home/eshustov/.m2/repository/com/vaadin/flow-server/23.0.4/flow-server-23.0.4.jar:/home/eshustov/.m2/repository/javax/annotation/javax.annotation-api/1.3.2/javax.annotation-api-1.3.2.jar:/home/eshustov/.m2/repository/com/vaadin/external/gwt/gwt-elemental/2.8.2.vaadin2/gwt-elemental-2.8.2.vaadin2.jar:/home/eshustov/.m2/repository/commons-fileupload/commons-fileupload/1.3.3/commons-fileupload-1.3.3.jar:/home/eshustov/.m2/repository/org/jsoup/jsoup/1.14.3/jsoup-1.14.3.jar:/home/eshustov/.m2/repository/com/helger/ph-css/6.5.0/ph-css-6.5.0.jar:/home/eshustov/.m2/repository/com/helger/commons/ph-commons/10.1.6/ph-commons-10.1.6.jar:/home/eshustov/.m2/repository/com/vaadin/external/gentyref/1.2.0.vaadin1/gentyref-1.2.0.vaadin1.jar:/home/eshustov/.m2/repository/com/vaadin/flow-push/23.0.4/flow-push-23.0.4.jar:/home/eshustov/.m2/repository/com/vaadin/external/atmosphere/atmosphere-runtime/2.7.3.slf4jvaadin4/atmosphere-runtime-2.7.3.slf4jvaadin4.jar:/home/eshustov/.m2/repository/com/vaadin/flow-client/23.0.4/flow-client-23.0.4.jar:/home/eshustov/.m2/repository/org/springframework/spring-webmvc/5.3.18/spring-webmvc-5.3.18.jar:/home/eshustov/.m2/repository/org/springframework/spring-websocket/5.3.18/spring-websocket-5.3.18.jar:/home/eshustov/.m2/repository/org/hibernate/validator/hibernate-validator/6.2.3.Final/hibernate-validator-6.2.3.Final.jar:/home/eshustov/.m2/repository/jakarta/validation/jakarta.validation-api/2.0.2/jakarta.validation-api-2.0.2.jar:/home/eshustov/.m2/repository/com/vaadin/vaadin-core/23.0.4/vaadin-core-23.0.4.jar:/home/eshustov/.m2/repository/com/vaadin/vaadin-dev-server/23.0.4/vaadin-dev-server-23.0.4.jar:/home/eshustov/.m2/repository/com/vaadin/flow-lit-template/23.0.4/flow-lit-template-23.0.4.jar:/home/eshustov/.m2/repository/com/vaadin/flow-polymer-template/23.0.4/flow-polymer-template-23.0.4.jar:/home/eshustov/.m2/repository/com/vaadin/flow-html-components/23.0.4/flow-html-components-23.0.4.jar:/home/eshustov/.m2/repository/com/vaadin/flow-data/23.0.4/flow-data-23.0.4.jar:/home/eshustov/.m2/repository/javax/validation/validation-api/2.0.1.Final/validation-api-2.0.1.Final.jar:/home/eshustov/.m2/repository/com/vaadin/flow-dnd/23.0.4/flow-dnd-23.0.4.jar:/home/eshustov/.m2/repository/org/webjars/npm/vaadin__vaadin-mobile-drag-drop/1.0.1/vaadin__vaadin-mobile-drag-drop-1.0.1.jar:/home/eshustov/.m2/repository/org/webjars/npm/mobile-drag-drop/2.3.0-rc.2/mobile-drag-drop-2.3.0-rc.2.jar:/home/eshustov/.m2/repository/com/vaadin/vaadin-lumo-theme/23.0.4/vaadin-lumo-theme-23.0.4.jar:/home/eshustov/.m2/repository/com/vaadin/vaadin-material-theme/23.0.4/vaadin-material-theme-23.0.4.jar:/home/eshustov/.m2/repository/com/vaadin/vaadin-accordion-flow/23.0.4/vaadin-accordion-flow-23.0.4.jar:/home/eshustov/.m2/repository/com/vaadin/vaadin-avatar-flow/23.0.4/vaadin-avatar-flow-23.0.4.jar:/home/eshustov/.m2/repository/com/vaadin/vaadin-button-flow/23.0.4/vaadin-button-flow-23.0.4.jar:/home/eshustov/.m2/repository/com/vaadin/vaadin-checkbox-flow/23.0.4/vaadin-checkbox-flow-23.0.4.jar:/home/eshustov/.m2/repository/com/vaadin/vaadin-combo-box-flow/23.0.4/vaadin-combo-box-flow-23.0.4.jar:/home/eshustov/.m2/repository/com/vaadin/vaadin-custom-field-flow/23.0.4/vaadin-custom-field-flow-23.0.4.jar:/home/eshustov/.m2/repository/com/vaadin/vaadin-date-picker-flow/23.0.4/vaadin-date-picker-flow-23.0.4.jar:/home/eshustov/.m2/repository/com/vaadin/vaadin-date-time-picker-flow/23.0.4/vaadin-date-time-picker-flow-23.0.4.jar:/home/eshustov/.m2/repository/com/vaadin/vaadin-details-flow/23.0.4/vaadin-details-flow-23.0.4.jar:/home/eshustov/.m2/repository/com/vaadin/vaadin-time-picker-flow/23.0.4/vaadin-time-picker-flow-23.0.4.jar:/home/eshustov/.m2/repository/com/vaadin/vaadin-select-flow/23.0.4/vaadin-select-flow-23.0.4.jar:/home/eshustov/.m2/repository/com/vaadin/vaadin-dialog-flow/23.0.4/vaadin-dialog-flow-23.0.4.jar:/home/eshustov/.m2/repository/com/vaadin/vaadin-form-layout-flow/23.0.4/vaadin-form-layout-flow-23.0.4.jar:/home/eshustov/.m2/repository/com/vaadin/vaadin-grid-flow/23.0.4/vaadin-grid-flow-23.0.4.jar:/home/eshustov/.m2/repository/com/vaadin/vaadin-icons-flow/23.0.4/vaadin-icons-flow-23.0.4.jar:/home/eshustov/.m2/repository/com/vaadin/vaadin-iron-list-flow/23.0.4/vaadin-iron-list-flow-23.0.4.jar:/home/eshustov/.m2/repository/com/vaadin/vaadin-virtual-list-flow/23.0.4/vaadin-virtual-list-flow-23.0.4.jar:/home/eshustov/.m2/repository/com/vaadin/vaadin-list-box-flow/23.0.4/vaadin-list-box-flow-23.0.4.jar:/home/eshustov/.m2/repository/com/vaadin/vaadin-login-flow/23.0.4/vaadin-login-flow-23.0.4.jar:/home/eshustov/.m2/repository/com/vaadin/vaadin-messages-flow/23.0.4/vaadin-messages-flow-23.0.4.jar:/home/eshustov/.m2/repository/com/vaadin/vaadin-ordered-layout-flow/23.0.4/vaadin-ordered-layout-flow-23.0.4.jar:/home/eshustov/.m2/repository/com/vaadin/vaadin-progress-bar-flow/23.0.4/vaadin-progress-bar-flow-23.0.4.jar:/home/eshustov/.m2/repository/com/vaadin/vaadin-radio-button-flow/23.0.4/vaadin-radio-button-flow-23.0.4.jar:/home/eshustov/.m2/repository/com/vaadin/vaadin-renderer-flow/23.0.4/vaadin-renderer-flow-23.0.4.jar:/home/eshustov/.m2/repository/com/vaadin/vaadin-split-layout-flow/23.0.4/vaadin-split-layout-flow-23.0.4.jar:/home/eshustov/.m2/repository/com/vaadin/vaadin-tabs-flow/23.0.4/vaadin-tabs-flow-23.0.4.jar:/home/eshustov/.m2/repository/com/vaadin/vaadin-text-field-flow/23.0.4/vaadin-text-field-flow-23.0.4.jar:/home/eshustov/.m2/repository/com/vaadin/vaadin-upload-flow/23.0.4/vaadin-upload-flow-23.0.4.jar:/home/eshustov/.m2/repository/com/vaadin/vaadin-notification-flow/23.0.4/vaadin-notification-flow-23.0.4.jar:/home/eshustov/.m2/repository/com/vaadin/vaadin-app-layout-flow/23.0.4/vaadin-app-layout-flow-23.0.4.jar:/home/eshustov/.m2/repository/com/vaadin/vaadin-context-menu-flow/23.0.4/vaadin-context-menu-flow-23.0.4.jar:/home/eshustov/.m2/repository/com/vaadin/vaadin-menu-bar-flow/23.0.4/vaadin-menu-bar-flow-23.0.4.jar:/home/eshustov/.m2/repository/org/springframework/boot/spring-boot-starter-web/2.6.6/spring-boot-starter-web-2.6.6.jar:/home/eshustov/.m2/repository/org/springframework/boot/spring-boot-starter-json/2.6.6/spring-boot-starter-json-2.6.6.jar:/home/eshustov/.m2/repository/com/fasterxml/jackson/datatype/jackson-datatype-jdk8/2.13.2/jackson-datatype-jdk8-2.13.2.jar:/home/eshustov/.m2/repository/com/fasterxml/jackson/datatype/jackson-datatype-jsr310/2.13.2/jackson-datatype-jsr310-2.13.2.jar:/home/eshustov/.m2/repository/com/fasterxml/jackson/module/jackson-module-parameter-names/2.13.2/jackson-module-parameter-names-2.13.2.jar:/home/eshustov/.m2/repository/org/springframework/boot/spring-boot-starter-tomcat/2.6.6/spring-boot-starter-tomcat-2.6.6.jar:/home/eshustov/.m2/repository/org/apache/tomcat/embed/tomcat-embed-core/9.0.60/tomcat-embed-core-9.0.60.jar:/home/eshustov/.m2/repository/org/apache/tomcat/embed/tomcat-embed-el/9.0.60/tomcat-embed-el-9.0.60.jar:/home/eshustov/.m2/repository/org/apache/tomcat/embed/tomcat-embed-websocket/9.0.60/tomcat-embed-websocket-9.0.60.jar:/home/eshustov/.m2/repository/org/springframework/spring-web/5.3.18/spring-web-5.3.18.jar:/home/eshustov/.m2/repository/com/h2database/h2/1.4.200/h2-1.4.200.jar:/home/eshustov/.m2/repository/org/projectlombok/lombok/1.18.22/lombok-1.18.22.jar:/home/eshustov/.m2/repository/org/springframework/boot/spring-boot-starter-test/2.6.6/spring-boot-starter-test-2.6.6.jar:/home/eshustov/.m2/repository/org/springframework/boot/spring-boot-starter/2.6.6/spring-boot-starter-2.6.6.jar:/home/eshustov/.m2/repository/org/springframework/boot/spring-boot/2.6.6/spring-boot-2.6.6.jar:/home/eshustov/.m2/repository/org/springframework/boot/spring-boot-autoconfigure/2.6.6/spring-boot-autoconfigure-2.6.6.jar:/home/eshustov/.m2/repository/org/springframework/boot/spring-boot-starter-logging/2.6.6/spring-boot-starter-logging-2.6.6.jar:/home/eshustov/.m2/repository/ch/qos/logback/logback-classic/1.2.11/logback-classic-1.2.11.jar:/home/eshustov/.m2/repository/ch/qos/logback/logback-core/1.2.11/logback-core-1.2.11.jar:/home/eshustov/.m2/repository/org/apache/logging/log4j/log4j-to-slf4j/2.17.2/log4j-to-slf4j-2.17.2.jar:/home/eshustov/.m2/repository/org/apache/logging/log4j/log4j-api/2.17.2/log4j-api-2.17.2.jar:/home/eshustov/.m2/repository/org/slf4j/jul-to-slf4j/1.7.36/jul-to-slf4j-1.7.36.jar:/home/eshustov/.m2/repository/jakarta/annotation/jakarta.annotation-api/1.3.5/jakarta.annotation-api-1.3.5.jar:/home/eshustov/.m2/repository/org/yaml/snakeyaml/1.29/snakeyaml-1.29.jar:/home/eshustov/.m2/repository/org/springframework/boot/spring-boot-test/2.6.6/spring-boot-test-2.6.6.jar:/home/eshustov/.m2/repository/org/springframework/boot/spring-boot-test-autoconfigure/2.6.6/spring-boot-test-autoconfigure-2.6.6.jar:/home/eshustov/.m2/repository/com/jayway/jsonpath/json-path/2.6.0/json-path-2.6.0.jar:/home/eshustov/.m2/repository/net/minidev/json-smart/2.4.8/json-smart-2.4.8.jar:/home/eshustov/.m2/repository/net/minidev/accessors-smart/2.4.8/accessors-smart-2.4.8.jar:/home/eshustov/.m2/repository/org/ow2/asm/asm/9.1/asm-9.1.jar:/home/eshustov/.m2/repository/jakarta/xml/bind/jakarta.xml.bind-api/2.3.3/jakarta.xml.bind-api-2.3.3.jar:/home/eshustov/.m2/repository/jakarta/activation/jakarta.activation-api/1.2.2/jakarta.activation-api-1.2.2.jar:/home/eshustov/.m2/repository/org/assertj/assertj-core/3.21.0/assertj-core-3.21.0.jar:/home/eshustov/.m2/repository/org/hamcrest/hamcrest/2.2/hamcrest-2.2.jar:/home/eshustov/.m2/repository/org/junit/jupiter/junit-jupiter/5.8.2/junit-jupiter-5.8.2.jar:/home/eshustov/.m2/repository/org/junit/jupiter/junit-jupiter-api/5.8.2/junit-jupiter-api-5.8.2.jar:/home/eshustov/.m2/repository/org/opentest4j/opentest4j/1.2.0/opentest4j-1.2.0.jar:/home/eshustov/.m2/repository/org/junit/platform/junit-platform-commons/1.8.2/junit-platform-commons-1.8.2.jar:/home/eshustov/.m2/repository/org/apiguardian/apiguardian-api/1.1.2/apiguardian-api-1.1.2.jar:/home/eshustov/.m2/repository/org/junit/jupiter/junit-jupiter-params/5.8.2/junit-jupiter-params-5.8.2.jar:/home/eshustov/.m2/repository/org/junit/jupiter/junit-jupiter-engine/5.8.2/junit-jupiter-engine-5.8.2.jar:/home/eshustov/.m2/repository/org/junit/platform/junit-platform-engine/1.8.2/junit-platform-engine-1.8.2.jar:/home/eshustov/.m2/repository/org/mockito/mockito-core/4.0.0/mockito-core-4.0.0.jar:/home/eshustov/.m2/repository/net/bytebuddy/byte-buddy-agent/1.11.22/byte-buddy-agent-1.11.22.jar:/home/eshustov/.m2/repository/org/objenesis/objenesis/3.2/objenesis-3.2.jar:/home/eshustov/.m2/repository/org/mockito/mockito-junit-jupiter/4.0.0/mockito-junit-jupiter-4.0.0.jar:/home/eshustov/.m2/repository/org/skyscreamer/jsonassert/1.5.0/jsonassert-1.5.0.jar:/home/eshustov/.m2/repository/com/vaadin/external/google/android-json/0.0.20131108.vaadin1/android-json-0.0.20131108.vaadin1.jar:/home/eshustov/.m2/repository/org/springframework/spring-core/5.3.18/spring-core-5.3.18.jar:/home/eshustov/.m2/repository/org/springframework/spring-jcl/5.3.18/spring-jcl-5.3.18.jar:/home/eshustov/.m2/repository/org/springframework/spring-test/5.3.18/spring-test-5.3.18.jar:/home/eshustov/.m2/repository/org/xmlunit/xmlunit-core/2.8.4/xmlunit-core-2.8.4.jar:/home/eshustov/.m2/repository/com/vaadin/vaadin-maven-plugin/23.0.4/vaadin-maven-plugin-23.0.4.jar:/home/eshustov/.m2/repository/com/vaadin/flow-maven-plugin/23.0.4/flow-maven-plugin-23.0.4.jar:/home/eshustov/.m2/repository/com/vaadin/flow-plugin-base/23.0.4/flow-plugin-base-23.0.4.jar:/home/eshustov/.m2/repository/com/vaadin/fusion-endpoint/23.0.4/fusion-endpoint-23.0.4.jar:/home/eshustov/.m2/repository/com/fasterxml/jackson/dataformat/jackson-dataformat-yaml/2.13.2/jackson-dataformat-yaml-2.13.2.jar:/home/eshustov/.m2/repository/org/slf4j/slf4j-ext/1.7.36/slf4j-ext-1.7.36.jar:/home/eshustov/.m2/repository/com/github/javaparser/javaparser-symbol-solver-core/3.24.0/javaparser-symbol-solver-core-3.24.0.jar:/home/eshustov/.m2/repository/com/github/javaparser/javaparser-core/3.24.0/javaparser-core-3.24.0.jar:/home/eshustov/.m2/repository/com/google/guava/guava/31.0.1-jre/guava-31.0.1-jre.jar:/home/eshustov/.m2/repository/com/google/guava/failureaccess/1.0.1/failureaccess-1.0.1.jar:/home/eshustov/.m2/repository/com/google/guava/listenablefuture/9999.0-empty-to-avoid-conflict-with-guava/listenablefuture-9999.0-empty-to-avoid-conflict-with-guava.jar:/home/eshustov/.m2/repository/org/checkerframework/checker-qual/3.12.0/checker-qual-3.12.0.jar:/home/eshustov/.m2/repository/com/google/errorprone/error_prone_annotations/2.7.1/error_prone_annotations-2.7.1.jar:/home/eshustov/.m2/repository/com/google/j2objc/j2objc-annotations/1.3/j2objc-annotations-1.3.jar:/home/eshustov/.m2/repository/io/swagger/codegen/v3/swagger-codegen/3.0.20/swagger-codegen-3.0.20.jar:/home/eshustov/.m2/repository/io/swagger/swagger-parser/1.0.51/swagger-parser-1.0.51.jar:/home/eshustov/.m2/repository/io/swagger/swagger-core/1.6.1/swagger-core-1.6.1.jar:/home/eshustov/.m2/repository/io/swagger/swagger-models/1.6.1/swagger-models-1.6.1.jar:/home/eshustov/.m2/repository/io/swagger/swagger-annotations/1.6.1/swagger-annotations-1.6.1.jar:/home/eshustov/.m2/repository/io/swagger/parser/v3/swagger-parser/2.0.20/swagger-parser-2.0.20.jar:/home/eshustov/.m2/repository/io/swagger/parser/v3/swagger-parser-v2-converter/2.0.20/swagger-parser-v2-converter-2.0.20.jar:/home/eshustov/.m2/repository/io/swagger/core/v3/swagger-models/2.1.2/swagger-models-2.1.2.jar:/home/eshustov/.m2/repository/io/swagger/parser/v3/swagger-parser-core/2.0.20/swagger-parser-core-2.0.20.jar:/home/eshustov/.m2/repository/io/swagger/parser/v3/swagger-parser-v3/2.0.20/swagger-parser-v3-2.0.20.jar:/home/eshustov/.m2/repository/io/swagger/core/v3/swagger-core/2.1.2/swagger-core-2.1.2.jar:/home/eshustov/.m2/repository/io/swagger/core/v3/swagger-annotations/2.1.2/swagger-annotations-2.1.2.jar:/home/eshustov/.m2/repository/io/swagger/swagger-codegen/2.4.14/swagger-codegen-2.4.14.jar:/home/eshustov/.m2/repository/io/swagger/swagger-compat-spec-parser/1.0.51/swagger-compat-spec-parser-1.0.51.jar:/home/eshustov/.m2/repository/com/github/java-json-tools/json-schema-validator/2.2.8/json-schema-validator-2.2.8.jar:/home/eshustov/.m2/repository/com/github/java-json-tools/json-schema-core/1.2.8/json-schema-core-1.2.8.jar:/home/eshustov/.m2/repository/org/mozilla/rhino/1.7R4/rhino-1.7R4.jar:/home/eshustov/.m2/repository/com/github/fge/uri-template/0.9/uri-template-0.9.jar:/home/eshustov/.m2/repository/joda-time/joda-time/2.9.7/joda-time-2.9.7.jar:/home/eshustov/.m2/repository/com/googlecode/libphonenumber/libphonenumber/8.0.0/libphonenumber-8.0.0.jar:/home/eshustov/.m2/repository/net/sf/jopt-simple/jopt-simple/5.0.3/jopt-simple-5.0.3.jar:/home/eshustov/.m2/repository/com/github/fge/json-patch/1.6/json-patch-1.6.jar:/home/eshustov/.m2/repository/com/github/fge/jackson-coreutils/1.6/jackson-coreutils-1.6.jar:/home/eshustov/.m2/repository/com/github/fge/msg-simple/1.1/msg-simple-1.1.jar:/home/eshustov/.m2/repository/com/github/fge/btf/1.2/btf-1.2.jar:/home/eshustov/.m2/repository/com/samskivert/jmustache/1.15/jmustache-1.15.jar:/home/eshustov/.m2/repository/commons-cli/commons-cli/1.2/commons-cli-1.2.jar:/home/eshustov/.m2/repository/com/github/jknack/handlebars/4.1.2/handlebars-4.1.2.jar:/home/eshustov/.m2/repository/com/atlassian/commonmark/commonmark/0.9.0/commonmark-0.9.0.jar:/home/eshustov/.m2/repository/io/swagger/codegen/v3/swagger-codegen-generators/1.0.20/swagger-codegen-generators-1.0.20.jar:/home/eshustov/.m2/repository/org/reflections/reflections/0.10.2/reflections-0.10.2.jar:/home/eshustov/.m2/repository/org/javassist/javassist/3.28.0-GA/javassist-3.28.0-GA.jar:/home/eshustov/.m2/repository/com/google/code/findbugs/jsr305/3.0.2/jsr305-3.0.2.jar:/home/eshustov/.m2/repository/org/zeroturnaround/zt-exec/1.12/zt-exec-1.12.jar:/home/eshustov/.m2/repository/com/google/gwt/gwt-elemental/2.8.2/gwt-elemental-2.8.2.jar:/home/eshustov/.m2/repository/com/github/eirslett/frontend-plugin-core/1.12.1/frontend-plugin-core-1.12.1.jar:/home/eshustov/.m2/repository/org/apache/commons/commons-exec/1.3/commons-exec-1.3.jar:/home/eshustov/.m2/repository/org/codehaus/plexus/plexus-utils/3.0.22/plexus-utils-3.0.22.jar:/home/eshustov/.m2/repository/org/apache/commons/commons-compress/1.21/commons-compress-1.21.jar:/home/eshustov/.m2/repository/org/sonatype/plexus/plexus-build-api/0.0.7/plexus-build-api-0.0.7.jar:/home/eshustov/.m2/repository/commons-io/commons-io/2.8.0/commons-io-2.8.0.jar:/home/eshustov/.m2/repository/com/oracle/database/jdbc/ojdbc8/21.3.0.0/ojdbc8-21.3.0.0.jar:/home/eshustov/.m2/repository/com/oracle/ojdbc/orai18n/19.3.0.0/orai18n-19.3.0.0.jar:/home/eshustov/.m2/repository/com/opencsv/opencsv/5.6/opencsv-5.6.jar:/home/eshustov/.m2/repository/org/apache/commons/commons-text/1.9/commons-text-1.9.jar:/home/eshustov/.m2/repository/commons-beanutils/commons-beanutils/1.9.4/commons-beanutils-1.9.4.jar:/home/eshustov/.m2/repository/commons-logging/commons-logging/1.2/commons-logging-1.2.jar:/home/eshustov/.m2/repository/commons-collections/commons-collections/3.2.2/commons-collections-3.2.2.jar:/home/eshustov/.m2/repository/org/apache/commons/commons-collections4/4.4/commons-collections4-4.4.jar:/home/eshustov/.m2/repository/com/github/appreciated/apexcharts/2.0.0-beta13/apexcharts-2.0.0-beta13.jar:/home/eshustov/.m2/repository/com/fasterxml/jackson/core/jackson-databind/2.13.3/jackson-databind-2.13.3.jar:/home/eshustov/.m2/repository/com/fasterxml/jackson/core/jackson-annotations/2.13.2/jackson-annotations-2.13.2.jar:/home/eshustov/.m2/repository/com/fasterxml/jackson/core/jackson-core/2.13.2/jackson-core-2.13.2.jar:/home/eshustov/.m2/repository/io/github/hengyunabc/zabbix-api/0.0.2/zabbix-api-0.0.2.jar:/home/eshustov/.m2/repository/com/alibaba/fastjson/1.1.39/fastjson-1.1.39.jar:/home/eshustov/.m2/repository/org/apache/httpcomponents/httpclient/4.5.13/httpclient-4.5.13.jar:/home/eshustov/.m2/repository/org/apache/httpcomponents/httpcore/4.4.15/httpcore-4.4.15.jar:/home/eshustov/.m2/repository/commons-codec/commons-codec/1.15/commons-codec-1.15.jar:/home/eshustov/.m2/repository/org/slf4j/slf4j-api/1.7.36/slf4j-api-1.7.36.jar:/home/eshustov/.m2/repository/org/apache/commons/commons-lang3/3.12.0/commons-lang3-3.12.0.jar:"/>
    <property name="java.vm.vendor" value="Oracle Corporation"/>
    <property name="sun.arch.data.model" value="64"/>
    <property name="java.vendor.url" value="http://java.oracle.com/"/>
    <property name="user.timezone" value=""/>
    <property name="java.vm.specification.version" value="11"/>
    <property name="os.name" value="Linux"/>
    <property name="sun.java.launcher" value="SUN_STANDARD"/>
    <property name="user.country" value="RU"/>
    <property name="sun.boot.library.path" value="/home/eshustov/.jdks/jdk-11.0.1/lib"/>
    <property name="sun.java.command" value="/home/eshustov/IdeaProjects/OIP_KAFKA_GET_CLUSTER_NAME/target/surefire/surefirebooter12275794481195270871.jar /home/eshustov/IdeaProjects/OIP_KAFKA_GET_CLUSTER_NAME/target/surefire 2023-07-12T08-56-45_337-jvmRun1 surefire14040362147269074701tmp surefire_012872676631897684807tmp"/>
    <property name="jdk.debug" value="release"/>
    <property name="surefire.test.class.path" value="/home/eshustov/IdeaProjects/OIP_KAFKA_GET_CLUSTER_NAME/target/test-classes:/home/eshustov/IdeaProjects/OIP_KAFKA_GET_CLUSTER_NAME/target/classes:/home/eshustov/.m2/repository/org/springframework/boot/spring-boot-starter-data-jpa/2.6.6/spring-boot-starter-data-jpa-2.6.6.jar:/home/eshustov/.m2/repository/org/springframework/boot/spring-boot-starter-aop/2.6.6/spring-boot-starter-aop-2.6.6.jar:/home/eshustov/.m2/repository/org/springframework/spring-aop/5.3.18/spring-aop-5.3.18.jar:/home/eshustov/.m2/repository/org/aspectj/aspectjweaver/1.9.7/aspectjweaver-1.9.7.jar:/home/eshustov/.m2/repository/org/springframework/boot/spring-boot-starter-jdbc/2.6.6/spring-boot-starter-jdbc-2.6.6.jar:/home/eshustov/.m2/repository/com/zaxxer/HikariCP/4.0.3/HikariCP-4.0.3.jar:/home/eshustov/.m2/repository/org/springframework/spring-jdbc/5.3.18/spring-jdbc-5.3.18.jar:/home/eshustov/.m2/repository/jakarta/transaction/jakarta.transaction-api/1.3.3/jakarta.transaction-api-1.3.3.jar:/home/eshustov/.m2/repository/jakarta/persistence/jakarta.persistence-api/2.2.3/jakarta.persistence-api-2.2.3.jar:/home/eshustov/.m2/repository/org/hibernate/hibernate-core/5.6.7.Final/hibernate-core-5.6.7.Final.jar:/home/eshustov/.m2/repository/org/jboss/logging/jboss-logging/3.4.3.Final/jboss-logging-3.4.3.Final.jar:/home/eshustov/.m2/repository/net/bytebuddy/byte-buddy/1.11.22/byte-buddy-1.11.22.jar:/home/eshustov/.m2/repository/antlr/antlr/2.7.7/antlr-2.7.7.jar:/home/eshustov/.m2/repository/org/jboss/jandex/2.4.2.Final/jandex-2.4.2.Final.jar:/home/eshustov/.m2/repository/com/fasterxml/classmate/1.5.1/classmate-1.5.1.jar:/home/eshustov/.m2/repository/org/hibernate/common/hibernate-commons-annotations/5.1.2.Final/hibernate-commons-annotations-5.1.2.Final.jar:/home/eshustov/.m2/repository/org/glassfish/jaxb/jaxb-runtime/2.3.6/jaxb-runtime-2.3.6.jar:/home/eshustov/.m2/repository/org/glassfish/jaxb/txw2/2.3.6/txw2-2.3.6.jar:/home/eshustov/.m2/repository/com/sun/istack/istack-commons-runtime/3.0.12/istack-commons-runtime-3.0.12.jar:/home/eshustov/.m2/repository/com/sun/activation/jakarta.activation/1.2.2/jakarta.activation-1.2.2.jar:/home/eshustov/.m2/repository/org/springframework/data/spring-data-jpa/2.6.3/spring-data-jpa-2.6.3.jar:/home/eshustov/.m2/repository/org/springframework/data/spring-data-commons/2.6.3/spring-data-commons-2.6.3.jar:/home/eshustov/.m2/repository/org/springframework/spring-orm/5.3.18/spring-orm-5.3.18.jar:/home/eshustov/.m2/repository/org/springframework/spring-context/5.3.18/spring-context-5.3.18.jar:/home/eshustov/.m2/repository/org/springframework/spring-expression/5.3.18/spring-expression-5.3.18.jar:/home/eshustov/.m2/repository/org/springframework/spring-tx/5.3.18/spring-tx-5.3.18.jar:/home/eshustov/.m2/repository/org/springframework/spring-beans/5.3.18/spring-beans-5.3.18.jar:/home/eshustov/.m2/repository/org/springframework/spring-aspects/5.3.18/spring-aspects-5.3.18.jar:/home/eshustov/.m2/repository/com/vaadin/vaadin-spring-boot-starter/23.0.4/vaadin-spring-boot-starter-23.0.4.jar:/home/eshustov/.m2/repository/com/vaadin/vaadin-spring/23.0.4/vaadin-spring-23.0.4.jar:/home/eshustov/.m2/repository/com/vaadin/flow-server/23.0.4/flow-server-23.0.4.jar:/home/eshustov/.m2/repository/javax/annotation/javax.annotation-api/1.3.2/javax.annotation-api-1.3.2.jar:/home/eshustov/.m2/repository/com/vaadin/external/gwt/gwt-elemental/2.8.2.vaadin2/gwt-elemental-2.8.2.vaadin2.jar:/home/eshustov/.m2/repository/commons-fileupload/commons-fileupload/1.3.3/commons-fileupload-1.3.3.jar:/home/eshustov/.m2/repository/org/jsoup/jsoup/1.14.3/jsoup-1.14.3.jar:/home/eshustov/.m2/repository/com/helger/ph-css/6.5.0/ph-css-6.5.0.jar:/home/eshustov/.m2/repository/com/helger/commons/ph-commons/10.1.6/ph-commons-10.1.6.jar:/home/eshustov/.m2/repository/com/vaadin/external/gentyref/1.2.0.vaadin1/gentyref-1.2.0.vaadin1.jar:/home/eshustov/.m2/repository/com/vaadin/flow-push/23.0.4/flow-push-23.0.4.jar:/home/eshustov/.m2/repository/com/vaadin/external/atmosphere/atmosphere-runtime/2.7.3.slf4jvaadin4/atmosphere-runtime-2.7.3.slf4jvaadin4.jar:/home/eshustov/.m2/repository/com/vaadin/flow-client/23.0.4/flow-client-23.0.4.jar:/home/eshustov/.m2/repository/org/springframework/spring-webmvc/5.3.18/spring-webmvc-5.3.18.jar:/home/eshustov/.m2/repository/org/springframework/spring-websocket/5.3.18/spring-websocket-5.3.18.jar:/home/eshustov/.m2/repository/org/hibernate/validator/hibernate-validator/6.2.3.Final/hibernate-validator-6.2.3.Final.jar:/home/eshustov/.m2/repository/jakarta/validation/jakarta.validation-api/2.0.2/jakarta.validation-api-2.0.2.jar:/home/eshustov/.m2/repository/com/vaadin/vaadin-core/23.0.4/vaadin-core-23.0.4.jar:/home/eshustov/.m2/repository/com/vaadin/vaadin-dev-server/23.0.4/vaadin-dev-server-23.0.4.jar:/home/eshustov/.m2/repository/com/vaadin/flow-lit-template/23.0.4/flow-lit-template-23.0.4.jar:/home/eshustov/.m2/repository/com/vaadin/flow-polymer-template/23.0.4/flow-polymer-template-23.0.4.jar:/home/eshustov/.m2/repository/com/vaadin/flow-html-components/23.0.4/flow-html-components-23.0.4.jar:/home/eshustov/.m2/repository/com/vaadin/flow-data/23.0.4/flow-data-23.0.4.jar:/home/eshustov/.m2/repository/javax/validation/validation-api/2.0.1.Final/validation-api-2.0.1.Final.jar:/home/eshustov/.m2/repository/com/vaadin/flow-dnd/23.0.4/flow-dnd-23.0.4.jar:/home/eshustov/.m2/repository/org/webjars/npm/vaadin__vaadin-mobile-drag-drop/1.0.1/vaadin__vaadin-mobile-drag-drop-1.0.1.jar:/home/eshustov/.m2/repository/org/webjars/npm/mobile-drag-drop/2.3.0-rc.2/mobile-drag-drop-2.3.0-rc.2.jar:/home/eshustov/.m2/repository/com/vaadin/vaadin-lumo-theme/23.0.4/vaadin-lumo-theme-23.0.4.jar:/home/eshustov/.m2/repository/com/vaadin/vaadin-material-theme/23.0.4/vaadin-material-theme-23.0.4.jar:/home/eshustov/.m2/repository/com/vaadin/vaadin-accordion-flow/23.0.4/vaadin-accordion-flow-23.0.4.jar:/home/eshustov/.m2/repository/com/vaadin/vaadin-avatar-flow/23.0.4/vaadin-avatar-flow-23.0.4.jar:/home/eshustov/.m2/repository/com/vaadin/vaadin-button-flow/23.0.4/vaadin-button-flow-23.0.4.jar:/home/eshustov/.m2/repository/com/vaadin/vaadin-checkbox-flow/23.0.4/vaadin-checkbox-flow-23.0.4.jar:/home/eshustov/.m2/repository/com/vaadin/vaadin-combo-box-flow/23.0.4/vaadin-combo-box-flow-23.0.4.jar:/home/eshustov/.m2/repository/com/vaadin/vaadin-custom-field-flow/23.0.4/vaadin-custom-field-flow-23.0.4.jar:/home/eshustov/.m2/repository/com/vaadin/vaadin-date-picker-flow/23.0.4/vaadin-date-picker-flow-23.0.4.jar:/home/eshustov/.m2/repository/com/vaadin/vaadin-date-time-picker-flow/23.0.4/vaadin-date-time-picker-flow-23.0.4.jar:/home/eshustov/.m2/repository/com/vaadin/vaadin-details-flow/23.0.4/vaadin-details-flow-23.0.4.jar:/home/eshustov/.m2/repository/com/vaadin/vaadin-time-picker-flow/23.0.4/vaadin-time-picker-flow-23.0.4.jar:/home/eshustov/.m2/repository/com/vaadin/vaadin-select-flow/23.0.4/vaadin-select-flow-23.0.4.jar:/home/eshustov/.m2/repository/com/vaadin/vaadin-dialog-flow/23.0.4/vaadin-dialog-flow-23.0.4.jar:/home/eshustov/.m2/repository/com/vaadin/vaadin-form-layout-flow/23.0.4/vaadin-form-layout-flow-23.0.4.jar:/home/eshustov/.m2/repository/com/vaadin/vaadin-grid-flow/23.0.4/vaadin-grid-flow-23.0.4.jar:/home/eshustov/.m2/repository/com/vaadin/vaadin-icons-flow/23.0.4/vaadin-icons-flow-23.0.4.jar:/home/eshustov/.m2/repository/com/vaadin/vaadin-iron-list-flow/23.0.4/vaadin-iron-list-flow-23.0.4.jar:/home/eshustov/.m2/repository/com/vaadin/vaadin-virtual-list-flow/23.0.4/vaadin-virtual-list-flow-23.0.4.jar:/home/eshustov/.m2/repository/com/vaadin/vaadin-list-box-flow/23.0.4/vaadin-list-box-flow-23.0.4.jar:/home/eshustov/.m2/repository/com/vaadin/vaadin-login-flow/23.0.4/vaadin-login-flow-23.0.4.jar:/home/eshustov/.m2/repository/com/vaadin/vaadin-messages-flow/23.0.4/vaadin-messages-flow-23.0.4.jar:/home/eshustov/.m2/repository/com/vaadin/vaadin-ordered-layout-flow/23.0.4/vaadin-ordered-layout-flow-23.0.4.jar:/home/eshustov/.m2/repository/com/vaadin/vaadin-progress-bar-flow/23.0.4/vaadin-progress-bar-flow-23.0.4.jar:/home/eshustov/.m2/repository/com/vaadin/vaadin-radio-button-flow/23.0.4/vaadin-radio-button-flow-23.0.4.jar:/home/eshustov/.m2/repository/com/vaadin/vaadin-renderer-flow/23.0.4/vaadin-renderer-flow-23.0.4.jar:/home/eshustov/.m2/repository/com/vaadin/vaadin-split-layout-flow/23.0.4/vaadin-split-layout-flow-23.0.4.jar:/home/eshustov/.m2/repository/com/vaadin/vaadin-tabs-flow/23.0.4/vaadin-tabs-flow-23.0.4.jar:/home/eshustov/.m2/repository/com/vaadin/vaadin-text-field-flow/23.0.4/vaadin-text-field-flow-23.0.4.jar:/home/eshustov/.m2/repository/com/vaadin/vaadin-upload-flow/23.0.4/vaadin-upload-flow-23.0.4.jar:/home/eshustov/.m2/repository/com/vaadin/vaadin-notification-flow/23.0.4/vaadin-notification-flow-23.0.4.jar:/home/eshustov/.m2/repository/com/vaadin/vaadin-app-layout-flow/23.0.4/vaadin-app-layout-flow-23.0.4.jar:/home/eshustov/.m2/repository/com/vaadin/vaadin-context-menu-flow/23.0.4/vaadin-context-menu-flow-23.0.4.jar:/home/eshustov/.m2/repository/com/vaadin/vaadin-menu-bar-flow/23.0.4/vaadin-menu-bar-flow-23.0.4.jar:/home/eshustov/.m2/repository/org/springframework/boot/spring-boot-starter-web/2.6.6/spring-boot-starter-web-2.6.6.jar:/home/eshustov/.m2/repository/org/springframework/boot/spring-boot-starter-json/2.6.6/spring-boot-starter-json-2.6.6.jar:/home/eshustov/.m2/repository/com/fasterxml/jackson/datatype/jackson-datatype-jdk8/2.13.2/jackson-datatype-jdk8-2.13.2.jar:/home/eshustov/.m2/repository/com/fasterxml/jackson/datatype/jackson-datatype-jsr310/2.13.2/jackson-datatype-jsr310-2.13.2.jar:/home/eshustov/.m2/repository/com/fasterxml/jackson/module/jackson-module-parameter-names/2.13.2/jackson-module-parameter-names-2.13.2.jar:/home/eshustov/.m2/repository/org/springframework/boot/spring-boot-starter-tomcat/2.6.6/spring-boot-starter-tomcat-2.6.6.jar:/home/eshustov/.m2/repository/org/apache/tomcat/embed/tomcat-embed-core/9.0.60/tomcat-embed-core-9.0.60.jar:/home/eshustov/.m2/repository/org/apache/tomcat/embed/tomcat-embed-el/9.0.60/tomcat-embed-el-9.0.60.jar:/home/eshustov/.m2/repository/org/apache/tomcat/embed/tomcat-embed-websocket/9.0.60/tomcat-embed-websocket-9.0.60.jar:/home/eshustov/.m2/repository/org/springframework/spring-web/5.3.18/spring-web-5.3.18.jar:/home/eshustov/.m2/repository/com/h2database/h2/1.4.200/h2-1.4.200.jar:/home/eshustov/.m2/repository/org/projectlombok/lombok/1.18.22/lombok-1.18.22.jar:/home/eshustov/.m2/repository/org/springframework/boot/spring-boot-starter-test/2.6.6/spring-boot-starter-test-2.6.6.jar:/home/eshustov/.m2/repository/org/springframework/boot/spring-boot-starter/2.6.6/spring-boot-starter-2.6.6.jar:/home/eshustov/.m2/repository/org/springframework/boot/spring-boot/2.6.6/spring-boot-2.6.6.jar:/home/eshustov/.m2/repository/org/springframework/boot/spring-boot-autoconfigure/2.6.6/spring-boot-autoconfigure-2.6.6.jar:/home/eshustov/.m2/repository/org/springframework/boot/spring-boot-starter-logging/2.6.6/spring-boot-starter-logging-2.6.6.jar:/home/eshustov/.m2/repository/ch/qos/logback/logback-classic/1.2.11/logback-classic-1.2.11.jar:/home/eshustov/.m2/repository/ch/qos/logback/logback-core/1.2.11/logback-core-1.2.11.jar:/home/eshustov/.m2/repository/org/apache/logging/log4j/log4j-to-slf4j/2.17.2/log4j-to-slf4j-2.17.2.jar:/home/eshustov/.m2/repository/org/apache/logging/log4j/log4j-api/2.17.2/log4j-api-2.17.2.jar:/home/eshustov/.m2/repository/org/slf4j/jul-to-slf4j/1.7.36/jul-to-slf4j-1.7.36.jar:/home/eshustov/.m2/repository/jakarta/annotation/jakarta.annotation-api/1.3.5/jakarta.annotation-api-1.3.5.jar:/home/eshustov/.m2/repository/org/yaml/snakeyaml/1.29/snakeyaml-1.29.jar:/home/eshustov/.m2/repository/org/springframework/boot/spring-boot-test/2.6.6/spring-boot-test-2.6.6.jar:/home/eshustov/.m2/repository/org/springframework/boot/spring-boot-test-autoconfigure/2.6.6/spring-boot-test-autoconfigure-2.6.6.jar:/home/eshustov/.m2/repository/com/jayway/jsonpath/json-path/2.6.0/json-path-2.6.0.jar:/home/eshustov/.m2/repository/net/minidev/json-smart/2.4.8/json-smart-2.4.8.jar:/home/eshustov/.m2/repository/net/minidev/accessors-smart/2.4.8/accessors-smart-2.4.8.jar:/home/eshustov/.m2/repository/org/ow2/asm/asm/9.1/asm-9.1.jar:/home/eshustov/.m2/repository/jakarta/xml/bind/jakarta.xml.bind-api/2.3.3/jakarta.xml.bind-api-2.3.3.jar:/home/eshustov/.m2/repository/jakarta/activation/jakarta.activation-api/1.2.2/jakarta.activation-api-1.2.2.jar:/home/eshustov/.m2/repository/org/assertj/assertj-core/3.21.0/assertj-core-3.21.0.jar:/home/eshustov/.m2/repository/org/hamcrest/hamcrest/2.2/hamcrest-2.2.jar:/home/eshustov/.m2/repository/org/junit/jupiter/junit-jupiter/5.8.2/junit-jupiter-5.8.2.jar:/home/eshustov/.m2/repository/org/junit/jupiter/junit-jupiter-api/5.8.2/junit-jupiter-api-5.8.2.jar:/home/eshustov/.m2/repository/org/opentest4j/opentest4j/1.2.0/opentest4j-1.2.0.jar:/home/eshustov/.m2/repository/org/junit/platform/junit-platform-commons/1.8.2/junit-platform-commons-1.8.2.jar:/home/eshustov/.m2/repository/org/apiguardian/apiguardian-api/1.1.2/apiguardian-api-1.1.2.jar:/home/eshustov/.m2/repository/org/junit/jupiter/junit-jupiter-params/5.8.2/junit-jupiter-params-5.8.2.jar:/home/eshustov/.m2/repository/org/junit/jupiter/junit-jupiter-engine/5.8.2/junit-jupiter-engine-5.8.2.jar:/home/eshustov/.m2/repository/org/junit/platform/junit-platform-engine/1.8.2/junit-platform-engine-1.8.2.jar:/home/eshustov/.m2/repository/org/mockito/mockito-core/4.0.0/mockito-core-4.0.0.jar:/home/eshustov/.m2/repository/net/bytebuddy/byte-buddy-agent/1.11.22/byte-buddy-agent-1.11.22.jar:/home/eshustov/.m2/repository/org/objenesis/objenesis/3.2/objenesis-3.2.jar:/home/eshustov/.m2/repository/org/mockito/mockito-junit-jupiter/4.0.0/mockito-junit-jupiter-4.0.0.jar:/home/eshustov/.m2/repository/org/skyscreamer/jsonassert/1.5.0/jsonassert-1.5.0.jar:/home/eshustov/.m2/repository/com/vaadin/external/google/android-json/0.0.20131108.vaadin1/android-json-0.0.20131108.vaadin1.jar:/home/eshustov/.m2/repository/org/springframework/spring-core/5.3.18/spring-core-5.3.18.jar:/home/eshustov/.m2/repository/org/springframework/spring-jcl/5.3.18/spring-jcl-5.3.18.jar:/home/eshustov/.m2/repository/org/springframework/spring-test/5.3.18/spring-test-5.3.18.jar:/home/eshustov/.m2/repository/org/xmlunit/xmlunit-core/2.8.4/xmlunit-core-2.8.4.jar:/home/eshustov/.m2/repository/com/vaadin/vaadin-maven-plugin/23.0.4/vaadin-maven-plugin-23.0.4.jar:/home/eshustov/.m2/repository/com/vaadin/flow-maven-plugin/23.0.4/flow-maven-plugin-23.0.4.jar:/home/eshustov/.m2/repository/com/vaadin/flow-plugin-base/23.0.4/flow-plugin-base-23.0.4.jar:/home/eshustov/.m2/repository/com/vaadin/fusion-endpoint/23.0.4/fusion-endpoint-23.0.4.jar:/home/eshustov/.m2/repository/com/fasterxml/jackson/dataformat/jackson-dataformat-yaml/2.13.2/jackson-dataformat-yaml-2.13.2.jar:/home/eshustov/.m2/repository/org/slf4j/slf4j-ext/1.7.36/slf4j-ext-1.7.36.jar:/home/eshustov/.m2/repository/com/github/javaparser/javaparser-symbol-solver-core/3.24.0/javaparser-symbol-solver-core-3.24.0.jar:/home/eshustov/.m2/repository/com/github/javaparser/javaparser-core/3.24.0/javaparser-core-3.24.0.jar:/home/eshustov/.m2/repository/com/google/guava/guava/31.0.1-jre/guava-31.0.1-jre.jar:/home/eshustov/.m2/repository/com/google/guava/failureaccess/1.0.1/failureaccess-1.0.1.jar:/home/eshustov/.m2/repository/com/google/guava/listenablefuture/9999.0-empty-to-avoid-conflict-with-guava/listenablefuture-9999.0-empty-to-avoid-conflict-with-guava.jar:/home/eshustov/.m2/repository/org/checkerframework/checker-qual/3.12.0/checker-qual-3.12.0.jar:/home/eshustov/.m2/repository/com/google/errorprone/error_prone_annotations/2.7.1/error_prone_annotations-2.7.1.jar:/home/eshustov/.m2/repository/com/google/j2objc/j2objc-annotations/1.3/j2objc-annotations-1.3.jar:/home/eshustov/.m2/repository/io/swagger/codegen/v3/swagger-codegen/3.0.20/swagger-codegen-3.0.20.jar:/home/eshustov/.m2/repository/io/swagger/swagger-parser/1.0.51/swagger-parser-1.0.51.jar:/home/eshustov/.m2/repository/io/swagger/swagger-core/1.6.1/swagger-core-1.6.1.jar:/home/eshustov/.m2/repository/io/swagger/swagger-models/1.6.1/swagger-models-1.6.1.jar:/home/eshustov/.m2/repository/io/swagger/swagger-annotations/1.6.1/swagger-annotations-1.6.1.jar:/home/eshustov/.m2/repository/io/swagger/parser/v3/swagger-parser/2.0.20/swagger-parser-2.0.20.jar:/home/eshustov/.m2/repository/io/swagger/parser/v3/swagger-parser-v2-converter/2.0.20/swagger-parser-v2-converter-2.0.20.jar:/home/eshustov/.m2/repository/io/swagger/core/v3/swagger-models/2.1.2/swagger-models-2.1.2.jar:/home/eshustov/.m2/repository/io/swagger/parser/v3/swagger-parser-core/2.0.20/swagger-parser-core-2.0.20.jar:/home/eshustov/.m2/repository/io/swagger/parser/v3/swagger-parser-v3/2.0.20/swagger-parser-v3-2.0.20.jar:/home/eshustov/.m2/repository/io/swagger/core/v3/swagger-core/2.1.2/swagger-core-2.1.2.jar:/home/eshustov/.m2/repository/io/swagger/core/v3/swagger-annotations/2.1.2/swagger-annotations-2.1.2.jar:/home/eshustov/.m2/repository/io/swagger/swagger-codegen/2.4.14/swagger-codegen-2.4.14.jar:/home/eshustov/.m2/repository/io/swagger/swagger-compat-spec-parser/1.0.51/swagger-compat-spec-parser-1.0.51.jar:/home/eshustov/.m2/repository/com/github/java-json-tools/json-schema-validator/2.2.8/json-schema-validator-2.2.8.jar:/home/eshustov/.m2/repository/com/github/java-json-tools/json-schema-core/1.2.8/json-schema-core-1.2.8.jar:/home/eshustov/.m2/repository/org/mozilla/rhino/1.7R4/rhino-1.7R4.jar:/home/eshustov/.m2/repository/com/github/fge/uri-template/0.9/uri-template-0.9.jar:/home/eshustov/.m2/repository/joda-time/joda-time/2.9.7/joda-time-2.9.7.jar:/home/eshustov/.m2/repository/com/googlecode/libphonenumber/libphonenumber/8.0.0/libphonenumber-8.0.0.jar:/home/eshustov/.m2/repository/net/sf/jopt-simple/jopt-simple/5.0.3/jopt-simple-5.0.3.jar:/home/eshustov/.m2/repository/com/github/fge/json-patch/1.6/json-patch-1.6.jar:/home/eshustov/.m2/repository/com/github/fge/jackson-coreutils/1.6/jackson-coreutils-1.6.jar:/home/eshustov/.m2/repository/com/github/fge/msg-simple/1.1/msg-simple-1.1.jar:/home/eshustov/.m2/repository/com/github/fge/btf/1.2/btf-1.2.jar:/home/eshustov/.m2/repository/com/samskivert/jmustache/1.15/jmustache-1.15.jar:/home/eshustov/.m2/repository/commons-cli/commons-cli/1.2/commons-cli-1.2.jar:/home/eshustov/.m2/repository/com/github/jknack/handlebars/4.1.2/handlebars-4.1.2.jar:/home/eshustov/.m2/repository/com/atlassian/commonmark/commonmark/0.9.0/commonmark-0.9.0.jar:/home/eshustov/.m2/repository/io/swagger/codegen/v3/swagger-codegen-generators/1.0.20/swagger-codegen-generators-1.0.20.jar:/home/eshustov/.m2/repository/org/reflections/reflections/0.10.2/reflections-0.10.2.jar:/home/eshustov/.m2/repository/org/javassist/javassist/3.28.0-GA/javassist-3.28.0-GA.jar:/home/eshustov/.m2/repository/com/google/code/findbugs/jsr305/3.0.2/jsr305-3.0.2.jar:/home/eshustov/.m2/repository/org/zeroturnaround/zt-exec/1.12/zt-exec-1.12.jar:/home/eshustov/.m2/repository/com/google/gwt/gwt-elemental/2.8.2/gwt-elemental-2.8.2.jar:/home/eshustov/.m2/repository/com/github/eirslett/frontend-plugin-core/1.12.1/frontend-plugin-core-1.12.1.jar:/home/eshustov/.m2/repository/org/apache/commons/commons-exec/1.3/commons-exec-1.3.jar:/home/eshustov/.m2/repository/org/codehaus/plexus/plexus-utils/3.0.22/plexus-utils-3.0.22.jar:/home/eshustov/.m2/repository/org/apache/commons/commons-compress/1.21/commons-compress-1.21.jar:/home/eshustov/.m2/repository/org/sonatype/plexus/plexus-build-api/0.0.7/plexus-build-api-0.0.7.jar:/home/eshustov/.m2/repository/commons-io/commons-io/2.8.0/commons-io-2.8.0.jar:/home/eshustov/.m2/repository/com/oracle/database/jdbc/ojdbc8/21.3.0.0/ojdbc8-21.3.0.0.jar:/home/eshustov/.m2/repository/com/oracle/ojdbc/orai18n/19.3.0.0/orai18n-19.3.0.0.jar:/home/eshustov/.m2/repository/com/opencsv/opencsv/5.6/opencsv-5.6.jar:/home/eshustov/.m2/repository/org/apache/commons/commons-text/1.9/commons-text-1.9.jar:/home/eshustov/.m2/repository/commons-beanutils/commons-beanutils/1.9.4/commons-beanutils-1.9.4.jar:/home/eshustov/.m2/repository/commons-logging/commons-logging/1.2/commons-logging-1.2.jar:/home/eshustov/.m2/repository/commons-collections/commons-collections/3.2.2/commons-collections-3.2.2.jar:/home/eshustov/.m2/repository/org/apache/commons/commons-collections4/4.4/commons-collections4-4.4.jar:/home/eshustov/.m2/repository/com/github/appreciated/apexcharts/2.0.0-beta13/apexcharts-2.0.0-beta13.jar:/home/eshustov/.m2/repository/com/fasterxml/jackson/core/jackson-databind/2.13.3/jackson-databind-2.13.3.jar:/home/eshustov/.m2/repository/com/fasterxml/jackson/core/jackson-annotations/2.13.2/jackson-annotations-2.13.2.jar:/home/eshustov/.m2/repository/com/fasterxml/jackson/core/jackson-core/2.13.2/jackson-core-2.13.2.jar:/home/eshustov/.m2/repository/io/github/hengyunabc/zabbix-api/0.0.2/zabbix-api-0.0.2.jar:/home/eshustov/.m2/repository/com/alibaba/fastjson/1.1.39/fastjson-1.1.39.jar:/home/eshustov/.m2/repository/org/apache/httpcomponents/httpclient/4.5.13/httpclient-4.5.13.jar:/home/eshustov/.m2/repository/org/apache/httpcomponents/httpcore/4.4.15/httpcore-4.4.15.jar:/home/eshustov/.m2/repository/commons-codec/commons-codec/1.15/commons-codec-1.15.jar:/home/eshustov/.m2/repository/org/slf4j/slf4j-api/1.7.36/slf4j-api-1.7.36.jar:/home/eshustov/.m2/repository/org/apache/commons/commons-lang3/3.12.0/commons-lang3-3.12.0.jar:"/>
    <property name="sun.cpu.endian" value="little"/>
    <property name="user.home" value="/home/eshustov"/>
    <property name="user.language" value="ru"/>
    <property name="java.specification.vendor" value="Oracle Corporation"/>
    <property name="java.version.date" value="2018-10-16"/>
    <property name="java.home" value="/home/eshustov/.jdks/jdk-11.0.1"/>
    <property name="file.separator" value="/"/>
    <property name="basedir" value="/home/eshustov/IdeaProjects/OIP_KAFKA_GET_CLUSTER_NAME"/>
    <property name="java.vm.compressedOopsMode" value="32-bit"/>
    <property name="line.separator" value="&#10;"/>
    <property name="java.specification.name" value="Java Platform API Specification"/>
    <property name="java.vm.specification.vendor" value="Oracle Corporation"/>
    <property name="java.awt.graphicsenv" value="sun.awt.X11GraphicsEnvironment"/>
    <property name="idea.version2020.1.1" value="true"/>
    <property name="surefire.real.class.path" value="/home/eshustov/IdeaProjects/OIP_KAFKA_GET_CLUSTER_NAME/target/surefire/surefirebooter12275794481195270871.jar"/>
    <property name="sun.management.compiler" value="HotSpot 64-Bit Tiered Compilers"/>
    <property name="java.runtime.version" value="11.0.1+13"/>
    <property name="user.name" value="eshustov"/>
    <property name="path.separator" value=":"/>
    <property name="os.version" value="5.10.74-generic-2rosa2021.1-x86_64"/>
    <property name="java.runtime.name" value="OpenJDK Runtime Environment"/>
    <property name="file.encoding" value="UTF-8"/>
    <property name="java.vm.name" value="OpenJDK 64-Bit Server VM"/>
    <property name="java.vendor.version" value="18.9"/>
    <property name="localRepository" value="/home/eshustov/.m2/repository"/>
    <property name="java.vendor.url.bug" value="http://bugreport.java.com/bugreport/"/>
    <property name="java.io.tmpdir" value="/tmp"/>
    <property name="java.version" value="11.0.1"/>
    <property name="user.dir" value="/home/eshustov/IdeaProjects/OIP_KAFKA_GET_CLUSTER_NAME"/>
    <property name="os.arch" value="amd64"/>
    <property name="java.vm.specification.name" value="Java Virtual Machine Specification"/>
    <property name="java.awt.printerjob" value="sun.print.PSPrinterJob"/>
    <property name="sun.os.patch.level" value="unknown"/>
    <property name="java.library.path" value="/usr/java/packages/lib:/usr/lib64:/lib64:/lib:/usr/lib"/>
    <property name="java.vendor" value="Oracle Corporation"/>
    <property name="java.vm.info" value="mixed mode"/>
    <property name="java.vm.version" value="11.0.1+13"/>
    <property name="sun.io.unicode.encoding" value="UnicodeLittle"/>
    <property name="java.class.version" value="55.0"/>
  </properties>
  <testcase name="contextLoads" classname="ru.sberbank.uspincidentreport.MqtivolireportApplicationTests" time="0.166"/>
</testsuite>